D:\Vitis_HLS\viterbi\vit\vit\hls\.autopilot\db\bmu.pp.0.cpp:2260:5: remark: Added loop label VITIS_LOOP_676_1:   [xilinx-label-all-loops]
    for (unsigned i = low; i != high+1; ++i) {
    ^
    VITIS_LOOP_676_1: 
D:\Vitis_HLS\viterbi\vit\vit\hls\.autopilot\db\bmu.pp.0.cpp:2260:5: note: FIX-IT applied suggested code changes
D:\Vitis_HLS\viterbi\vit\vit\hls\.autopilot\db\bmu.pp.0.cpp:2274:5: remark: Added loop label VITIS_LOOP_690_1:   [xilinx-label-all-loops]
    for (unsigned i = low; i != high+1; ++i) {
    ^
    VITIS_LOOP_690_1: 
D:\Vitis_HLS\viterbi\vit\vit\hls\.autopilot\db\bmu.pp.0.cpp:2274:5: note: FIX-IT applied suggested code changes
D:\Vitis_HLS\viterbi\vit\vit\hls\.autopilot\db\bmu.pp.0.cpp:2288:5: remark: Added loop label VITIS_LOOP_704_1:   [xilinx-label-all-loops]
    for (unsigned i = low; i != high+1; ++i) {
    ^
    VITIS_LOOP_704_1: 
D:\Vitis_HLS\viterbi\vit\vit\hls\.autopilot\db\bmu.pp.0.cpp:2288:5: note: FIX-IT applied suggested code changes
D:\Vitis_HLS\viterbi\vit\vit\hls\.autopilot\db\bmu.pp.0.cpp:5808:7: remark: Added loop label VITIS_LOOP_1251_1:   [xilinx-label-all-loops]
      for (i = 0; i < __N - 1; ++i) {
      ^
      VITIS_LOOP_1251_1: 
D:\Vitis_HLS\viterbi\vit\vit\hls\.autopilot\db\bmu.pp.0.cpp:5808:7: note: FIX-IT applied suggested code changes
