D:\Vitis_HLS\viterbi\vit\vit\hls\.autopilot\db\viterbi_decoder.pp.0.cpp:2261:5: remark: Added loop label VITIS_LOOP_676_1:   [xilinx-label-all-loops]
    for (unsigned i = low; i != high+1; ++i) {
    ^
    VITIS_LOOP_676_1: 
D:\Vitis_HLS\viterbi\vit\vit\hls\.autopilot\db\viterbi_decoder.pp.0.cpp:2261:5: note: FIX-IT applied suggested code changes
D:\Vitis_HLS\viterbi\vit\vit\hls\.autopilot\db\viterbi_decoder.pp.0.cpp:2275:5: remark: Added loop label VITIS_LOOP_690_1:   [xilinx-label-all-loops]
    for (unsigned i = low; i != high+1; ++i) {
    ^
    VITIS_LOOP_690_1: 
D:\Vitis_HLS\viterbi\vit\vit\hls\.autopilot\db\viterbi_decoder.pp.0.cpp:2275:5: note: FIX-IT applied suggested code changes
D:\Vitis_HLS\viterbi\vit\vit\hls\.autopilot\db\viterbi_decoder.pp.0.cpp:2289:5: remark: Added loop label VITIS_LOOP_704_1:   [xilinx-label-all-loops]
    for (unsigned i = low; i != high+1; ++i) {
    ^
    VITIS_LOOP_704_1: 
D:\Vitis_HLS\viterbi\vit\vit\hls\.autopilot\db\viterbi_decoder.pp.0.cpp:2289:5: note: FIX-IT applied suggested code changes
D:\Vitis_HLS\viterbi\vit\vit\hls\.autopilot\db\viterbi_decoder.pp.0.cpp:5809:7: remark: Added loop label VITIS_LOOP_1251_1:   [xilinx-label-all-loops]
      for (i = 0; i < __N - 1; ++i) {
      ^
      VITIS_LOOP_1251_1: 
D:\Vitis_HLS\viterbi\vit\vit\hls\.autopilot\db\viterbi_decoder.pp.0.cpp:5809:7: note: FIX-IT applied suggested code changes
