directive:1:1: warning: HLS pragma dump _XLX_SEP_ PragmaIsValid=1_XLX_SEP_ PragmaType=top_XLX_SEP_ PragmaContext=directive_XLX_SEP_ PragmaFunction=viterbi_decoder_XLX_SEP_ PragmaOptions=name=viterbi_decoder_XLX_SEP_ [-Wdump-hls-pragmas]
#pragma HLSDIRECTIVE TOP name=viterbi_decoder
^
D:/Internship/GMSK/vit_reg_exg/src/viterbi_decoder.cpp:106:1: warning: HLS pragma dump _XLX_SEP_ PragmaIsValid=1_XLX_SEP_ PragmaType=interface_XLX_SEP_ PragmaContext=hls_XLX_SEP_ PragmaFunction=viterbi_decoder_XLX_SEP_ PragmaOptions=axis port = encoded_in_XLX_SEP_ [-Wdump-hls-pragmas]
#pragma HLS INTERFACE axis port = encoded_in
^
D:/Internship/GMSK/vit_reg_exg/src/viterbi_decoder.cpp:107:1: warning: HLS pragma dump _XLX_SEP_ PragmaIsValid=1_XLX_SEP_ PragmaType=interface_XLX_SEP_ PragmaContext=hls_XLX_SEP_ PragmaFunction=viterbi_decoder_XLX_SEP_ PragmaOptions=axis port = decoded_out_XLX_SEP_ [-Wdump-hls-pragmas]
#pragma HLS INTERFACE axis port = decoded_out
^
D:/Internship/GMSK/vit_reg_exg/src/viterbi_decoder.cpp:108:1: warning: HLS pragma dump _XLX_SEP_ PragmaIsValid=1_XLX_SEP_ PragmaType=interface_XLX_SEP_ PragmaContext=hls_XLX_SEP_ PragmaFunction=viterbi_decoder_XLX_SEP_ PragmaOptions=ap_ctrl_none port = return_XLX_SEP_ [-Wdump-hls-pragmas]
#pragma HLS INTERFACE ap_ctrl_none port = return
^
D:/Internship/GMSK/vit_reg_exg/src/viterbi_decoder.cpp:127:1: warning: HLS pragma dump _XLX_SEP_ PragmaIsValid=1_XLX_SEP_ PragmaType=array_partition_XLX_SEP_ PragmaContext=hls_XLX_SEP_ PragmaFunction=viterbi_decoder_XLX_SEP_ PragmaOptions=variable = pm complete dim = 1_XLX_SEP_ [-Wdump-hls-pragmas]
#pragma HLS ARRAY_PARTITION variable = pm complete dim = 1
^
D:/Internship/GMSK/vit_reg_exg/src/viterbi_decoder.cpp:128:1: warning: HLS pragma dump _XLX_SEP_ PragmaIsValid=1_XLX_SEP_ PragmaType=array_partition_XLX_SEP_ PragmaContext=hls_XLX_SEP_ PragmaFunction=viterbi_decoder_XLX_SEP_ PragmaOptions=variable = pm_next complete dim = 1_XLX_SEP_ [-Wdump-hls-pragmas]
#pragma HLS ARRAY_PARTITION variable = pm_next complete dim = 1
^
D:/Internship/GMSK/vit_reg_exg/src/viterbi_decoder.cpp:145:1: warning: HLS pragma dump _XLX_SEP_ PragmaIsValid=1_XLX_SEP_ PragmaType=array_partition_XLX_SEP_ PragmaContext=hls_XLX_SEP_ PragmaFunction=viterbi_decoder_XLX_SEP_ PragmaOptions=variable = survivor complete dim = 2_XLX_SEP_ [-Wdump-hls-pragmas]
#pragma HLS ARRAY_PARTITION variable = survivor complete dim = 2
^
D:/Internship/GMSK/vit_reg_exg/src/viterbi_decoder.cpp:155:1: warning: HLS pragma dump _XLX_SEP_ PragmaIsValid=1_XLX_SEP_ PragmaType=array_partition_XLX_SEP_ PragmaContext=hls_XLX_SEP_ PragmaFunction=viterbi_decoder_XLX_SEP_ PragmaOptions=variable = rx_sym complete dim = 1_XLX_SEP_ [-Wdump-hls-pragmas]
#pragma HLS ARRAY_PARTITION variable = rx_sym complete dim = 1
^
D:/Internship/GMSK/vit_reg_exg/src/viterbi_decoder.cpp:177:1: warning: HLS pragma dump _XLX_SEP_ PragmaIsValid=1_XLX_SEP_ PragmaType=unroll_XLX_SEP_ PragmaContext=hls_XLX_SEP_ PragmaFunction=viterbi_decoder_XLX_SEP_ PragmaOptions=_XLX_SEP_ [-Wdump-hls-pragmas]
#pragma HLS UNROLL
^
D:/Internship/GMSK/vit_reg_exg/src/viterbi_decoder.cpp:190:1: warning: HLS pragma dump _XLX_SEP_ PragmaIsValid=1_XLX_SEP_ PragmaType=unroll_XLX_SEP_ PragmaContext=hls_XLX_SEP_ PragmaFunction=viterbi_decoder_XLX_SEP_ PragmaOptions=_XLX_SEP_ [-Wdump-hls-pragmas]
#pragma HLS UNROLL
^
D:/Internship/GMSK/vit_reg_exg/src/viterbi_decoder.cpp:200:1: warning: HLS pragma dump _XLX_SEP_ PragmaIsValid=1_XLX_SEP_ PragmaType=pipeline_XLX_SEP_ PragmaContext=hls_XLX_SEP_ PragmaFunction=viterbi_decoder_XLX_SEP_ PragmaOptions=II = 1_XLX_SEP_ [-Wdump-hls-pragmas]
#pragma HLS PIPELINE II = 1
^
D:/Internship/GMSK/vit_reg_exg/src/viterbi_decoder.cpp:211:1: warning: HLS pragma dump _XLX_SEP_ PragmaIsValid=1_XLX_SEP_ PragmaType=unroll_XLX_SEP_ PragmaContext=hls_XLX_SEP_ PragmaFunction=viterbi_decoder_XLX_SEP_ PragmaOptions=_XLX_SEP_ [-Wdump-hls-pragmas]
#pragma HLS UNROLL
^
D:/Internship/GMSK/vit_reg_exg/src/viterbi_decoder.cpp:266:1: warning: HLS pragma dump _XLX_SEP_ PragmaIsValid=1_XLX_SEP_ PragmaType=unroll_XLX_SEP_ PragmaContext=hls_XLX_SEP_ PragmaFunction=viterbi_decoder_XLX_SEP_ PragmaOptions=_XLX_SEP_ [-Wdump-hls-pragmas]
#pragma HLS UNROLL
^
D:/Internship/GMSK/vit_reg_exg/src/viterbi_decoder.cpp:283:1: warning: HLS pragma dump _XLX_SEP_ PragmaIsValid=1_XLX_SEP_ PragmaType=unroll_XLX_SEP_ PragmaContext=hls_XLX_SEP_ PragmaFunction=viterbi_decoder_XLX_SEP_ PragmaOptions=_XLX_SEP_ [-Wdump-hls-pragmas]
#pragma HLS UNROLL
^
D:/Internship/GMSK/vit_reg_exg/src/viterbi_decoder.cpp:297:1: warning: HLS pragma dump _XLX_SEP_ PragmaIsValid=1_XLX_SEP_ PragmaType=array_partition_XLX_SEP_ PragmaContext=hls_XLX_SEP_ PragmaFunction=viterbi_decoder_XLX_SEP_ PragmaOptions=variable = decoded_arr complete dim = 1_XLX_SEP_ [-Wdump-hls-pragmas]
#pragma HLS ARRAY_PARTITION variable = decoded_arr complete dim = 1
^
D:/Internship/GMSK/vit_reg_exg/src/viterbi_decoder.cpp:328:1: warning: HLS pragma dump _XLX_SEP_ PragmaIsValid=1_XLX_SEP_ PragmaType=unroll_XLX_SEP_ PragmaContext=hls_XLX_SEP_ PragmaFunction=viterbi_decoder_XLX_SEP_ PragmaOptions=_XLX_SEP_ [-Wdump-hls-pragmas]
#pragma HLS UNROLL
^
16 warnings generated.
