

================================================================
== Vitis HLS Report for 'viterbi_decoder_Pipeline_TRACEBACK'
================================================================
* Date:           Fri Mar 13 13:54:02 2026

* Version:         (Build 6295257 on Nov 12 2025)
* Project:        vit
* Solution:       hls (Vivado IP Flow Target)
* Product family: kintexuplus
* Target device:  xcku5p-ffvb676-2-e


================================================================
== Performance Estimates
================================================================
+ Timing: 
    * Summary: 
    +--------+----------+----------+------------+
    |  Clock |  Target  | Estimated| Uncertainty|
    +--------+----------+----------+------------+
    |ap_clk  |  10.00 ns|  1.958 ns|     2.70 ns|
    +--------+----------+----------+------------+

+ Latency: 
    * Summary: 
    +---------+---------+----------+----------+-----+-----+-------------------+
    |  Latency (cycles) |  Latency (absolute) |  Interval |      Pipeline     |
    |   min   |   max   |    min   |    max   | min | max |        Type       |
    +---------+---------+----------+----------+-----+-----+-------------------+
    |       18|       18|  0.180 us|  0.180 us|    0|    0|  loop pipeline stp|
    +---------+---------+----------+----------+-----+-----+-------------------+

    + Detail: 
        * Instance: 
        N/A

        * Loop: 
        +-------------+---------+---------+----------+-----------+-----------+------+----------+
        |             |  Latency (cycles) | Iteration|  Initiation Interval  | Trip |          |
        |  Loop Name  |   min   |   max   |  Latency |  achieved |   target  | Count| Pipelined|
        +-------------+---------+---------+----------+-----------+-----------+------+----------+
        |- TRACEBACK  |       16|       16|         2|          1|          1|    16|       yes|
        +-------------+---------+---------+----------+-----------+-----------+------+----------+

============================================================
+ Verbose Summary: Synthesis Manager
============================================================
InlineROM: 1
ExposeGlobal: 0
============================================================
+ Verbose Summary: CDFG Model
============================================================
IsTopModel: 0
ResetActiveHigh: 1
IsCombinational: 0
IsDatapathOnly: 0
HasWiredReturn: 1
HasMFsm: 2
HasVarLatency: 1
IsPipeline: 0
IsRtlPipelined: 0
IsInstanceOverlapped: 0
IsDontTouch: 0
HasImplIP: 0
IsGatedGlobalClock: 0

+ Individual pipeline summary: 
  * Pipeline-0: initiation interval (II) = 1, depth = 2


============================================================
+ Verbose Summary: Schedule
============================================================
* Number of FSM states : 2
* Pipeline : 1
  Pipeline-0 : II = 1, D = 2, States = { 1 2 }
* Dataflow Pipeline: 0

* FSM state transitions: 
1 --> 2 
2 --> 

* FSM state operations: 

State 1 <SV = 0> <Delay = 1.64>
ST_1 : Operation 5 [1/1] (0.00ns)   --->   "%cur_state = alloca i32 1" [D:/Internship/GMSK/vit_reg_exg/src/viterbi_decoder.cpp:299]   --->   Operation 5 'alloca' 'cur_state' <Predicate = true> <Delay = 0.00>
ST_1 : Operation 6 [1/1] (0.00ns)   --->   "%t_1 = alloca i32 1" [D:/Internship/GMSK/vit_reg_exg/src/viterbi_decoder.cpp:302]   --->   Operation 6 'alloca' 't_1' <Predicate = true> <Delay = 0.00>
ST_1 : Operation 7 [1/1] (0.00ns)   --->   "%empty = alloca i32 1"   --->   Operation 7 'alloca' 'empty' <Predicate = true> <Delay = 0.00>
ST_1 : Operation 8 [1/1] (0.00ns)   --->   "%empty_11 = alloca i32 1"   --->   Operation 8 'alloca' 'empty_11' <Predicate = true> <Delay = 0.00>
ST_1 : Operation 9 [1/1] (0.00ns)   --->   "%empty_12 = alloca i32 1"   --->   Operation 9 'alloca' 'empty_12' <Predicate = true> <Delay = 0.00>
ST_1 : Operation 10 [1/1] (0.00ns)   --->   "%empty_13 = alloca i32 1"   --->   Operation 10 'alloca' 'empty_13' <Predicate = true> <Delay = 0.00>
ST_1 : Operation 11 [1/1] (0.00ns)   --->   "%empty_14 = alloca i32 1"   --->   Operation 11 'alloca' 'empty_14' <Predicate = true> <Delay = 0.00>
ST_1 : Operation 12 [1/1] (0.00ns)   --->   "%empty_15 = alloca i32 1"   --->   Operation 12 'alloca' 'empty_15' <Predicate = true> <Delay = 0.00>
ST_1 : Operation 13 [1/1] (0.00ns)   --->   "%empty_16 = alloca i32 1"   --->   Operation 13 'alloca' 'empty_16' <Predicate = true> <Delay = 0.00>
ST_1 : Operation 14 [1/1] (0.00ns)   --->   "%empty_17 = alloca i32 1"   --->   Operation 14 'alloca' 'empty_17' <Predicate = true> <Delay = 0.00>
ST_1 : Operation 15 [1/1] (0.00ns)   --->   "%empty_18 = alloca i32 1"   --->   Operation 15 'alloca' 'empty_18' <Predicate = true> <Delay = 0.00>
ST_1 : Operation 16 [1/1] (0.00ns)   --->   "%empty_19 = alloca i32 1"   --->   Operation 16 'alloca' 'empty_19' <Predicate = true> <Delay = 0.00>
ST_1 : Operation 17 [1/1] (0.00ns)   --->   "%empty_20 = alloca i32 1"   --->   Operation 17 'alloca' 'empty_20' <Predicate = true> <Delay = 0.00>
ST_1 : Operation 18 [1/1] (0.00ns)   --->   "%empty_21 = alloca i32 1"   --->   Operation 18 'alloca' 'empty_21' <Predicate = true> <Delay = 0.00>
ST_1 : Operation 19 [1/1] (0.00ns)   --->   "%empty_22 = alloca i32 1"   --->   Operation 19 'alloca' 'empty_22' <Predicate = true> <Delay = 0.00>
ST_1 : Operation 20 [1/1] (0.00ns)   --->   "%empty_23 = alloca i32 1"   --->   Operation 20 'alloca' 'empty_23' <Predicate = true> <Delay = 0.00>
ST_1 : Operation 21 [1/1] (0.00ns)   --->   "%empty_24 = alloca i32 1"   --->   Operation 21 'alloca' 'empty_24' <Predicate = true> <Delay = 0.00>
ST_1 : Operation 22 [1/1] (0.00ns)   --->   "%empty_25 = alloca i32 1"   --->   Operation 22 'alloca' 'empty_25' <Predicate = true> <Delay = 0.00>
ST_1 : Operation 23 [1/1] (0.00ns)   --->   "%best_state_32_read = read i6 @_ssdm_op_Read.ap_auto.i6, i6 %best_state_32"   --->   Operation 23 'read' 'best_state_32_read' <Predicate = true> <Delay = 0.00>
ST_1 : Operation 24 [1/1] (0.42ns)   --->   "%store_ln302 = store i5 15, i5 %t_1" [D:/Internship/GMSK/vit_reg_exg/src/viterbi_decoder.cpp:302]   --->   Operation 24 'store' 'store_ln302' <Predicate = true> <Delay = 0.42>
ST_1 : Operation 25 [1/1] (0.42ns)   --->   "%store_ln299 = store i6 %best_state_32_read, i6 %cur_state" [D:/Internship/GMSK/vit_reg_exg/src/viterbi_decoder.cpp:299]   --->   Operation 25 'store' 'store_ln299' <Predicate = true> <Delay = 0.42>
ST_1 : Operation 26 [1/1] (0.00ns)   --->   "%br_ln0 = br void %for.inc126"   --->   Operation 26 'br' 'br_ln0' <Predicate = true> <Delay = 0.00>
ST_1 : Operation 27 [1/1] (0.00ns)   --->   "%t = load i5 %t_1" [D:/Internship/GMSK/vit_reg_exg/src/viterbi_decoder.cpp:302]   --->   Operation 27 'load' 't' <Predicate = true> <Delay = 0.00>
ST_1 : Operation 28 [1/1] (0.00ns)   --->   "%tmp = bitselect i1 @_ssdm_op_BitSelect.i1.i5.i32, i5 %t, i32 4" [D:/Internship/GMSK/vit_reg_exg/src/viterbi_decoder.cpp:302]   --->   Operation 28 'bitselect' 'tmp' <Predicate = true> <Delay = 0.00>
ST_1 : Operation 29 [1/1] (0.00ns)   --->   "%br_ln302 = br i1 %tmp, void %for.inc126.split, void %for.inc137.exitStub" [D:/Internship/GMSK/vit_reg_exg/src/viterbi_decoder.cpp:302]   --->   Operation 29 'br' 'br_ln302' <Predicate = true> <Delay = 0.00>
ST_1 : Operation 30 [1/1] (0.00ns)   --->   "%zext_ln302 = zext i5 %t" [D:/Internship/GMSK/vit_reg_exg/src/viterbi_decoder.cpp:302]   --->   Operation 30 'zext' 'zext_ln302' <Predicate = (!tmp)> <Delay = 0.00>
ST_1 : Operation 31 [1/1] (0.00ns)   --->   "%trunc_ln302 = trunc i5 %t" [D:/Internship/GMSK/vit_reg_exg/src/viterbi_decoder.cpp:302]   --->   Operation 31 'trunc' 'trunc_ln302' <Predicate = (!tmp)> <Delay = 0.00>
ST_1 : Operation 32 [1/1] (0.79ns)   --->   "%switch_ln307 = switch i4 %trunc_ln302, void %arrayidx116.case.15, i4 0, void %for.inc126.split.arrayidx116.exit_crit_edge, i4 1, void %arrayidx116.case.1, i4 2, void %arrayidx116.case.2, i4 3, void %arrayidx116.case.3, i4 4, void %arrayidx116.case.4, i4 5, void %arrayidx116.case.5, i4 6, void %arrayidx116.case.6, i4 7, void %arrayidx116.case.7, i4 8, void %arrayidx116.case.8, i4 9, void %arrayidx116.case.9, i4 10, void %arrayidx116.case.10, i4 11, void %arrayidx116.case.11, i4 12, void %arrayidx116.case.12, i4 13, void %arrayidx116.case.13, i4 14, void %arrayidx116.case.14" [D:/Internship/GMSK/vit_reg_exg/src/viterbi_decoder.cpp:307]   --->   Operation 32 'switch' 'switch_ln307' <Predicate = (!tmp)> <Delay = 0.79>
ST_1 : Operation 33 [1/1] (0.00ns)   --->   "%survivor_addr = getelementptr i1 %survivor, i64 0, i64 %zext_ln302" [D:/Internship/GMSK/vit_reg_exg/src/viterbi_decoder.cpp:312]   --->   Operation 33 'getelementptr' 'survivor_addr' <Predicate = (!tmp)> <Delay = 0.00>
ST_1 : Operation 34 [1/1] (0.00ns)   --->   "%survivor_1_addr = getelementptr i1 %survivor_1, i64 0, i64 %zext_ln302" [D:/Internship/GMSK/vit_reg_exg/src/viterbi_decoder.cpp:312]   --->   Operation 34 'getelementptr' 'survivor_1_addr' <Predicate = (!tmp)> <Delay = 0.00>
ST_1 : Operation 35 [1/1] (0.00ns)   --->   "%survivor_2_addr = getelementptr i1 %survivor_2, i64 0, i64 %zext_ln302" [D:/Internship/GMSK/vit_reg_exg/src/viterbi_decoder.cpp:312]   --->   Operation 35 'getelementptr' 'survivor_2_addr' <Predicate = (!tmp)> <Delay = 0.00>
ST_1 : Operation 36 [1/1] (0.00ns)   --->   "%survivor_3_addr = getelementptr i1 %survivor_3, i64 0, i64 %zext_ln302" [D:/Internship/GMSK/vit_reg_exg/src/viterbi_decoder.cpp:312]   --->   Operation 36 'getelementptr' 'survivor_3_addr' <Predicate = (!tmp)> <Delay = 0.00>
ST_1 : Operation 37 [1/1] (0.00ns)   --->   "%survivor_4_addr = getelementptr i1 %survivor_4, i64 0, i64 %zext_ln302" [D:/Internship/GMSK/vit_reg_exg/src/viterbi_decoder.cpp:312]   --->   Operation 37 'getelementptr' 'survivor_4_addr' <Predicate = (!tmp)> <Delay = 0.00>
ST_1 : Operation 38 [1/1] (0.00ns)   --->   "%survivor_5_addr = getelementptr i1 %survivor_5, i64 0, i64 %zext_ln302" [D:/Internship/GMSK/vit_reg_exg/src/viterbi_decoder.cpp:312]   --->   Operation 38 'getelementptr' 'survivor_5_addr' <Predicate = (!tmp)> <Delay = 0.00>
ST_1 : Operation 39 [1/1] (0.00ns)   --->   "%survivor_6_addr = getelementptr i1 %survivor_6, i64 0, i64 %zext_ln302" [D:/Internship/GMSK/vit_reg_exg/src/viterbi_decoder.cpp:312]   --->   Operation 39 'getelementptr' 'survivor_6_addr' <Predicate = (!tmp)> <Delay = 0.00>
ST_1 : Operation 40 [1/1] (0.00ns)   --->   "%survivor_7_addr = getelementptr i1 %survivor_7, i64 0, i64 %zext_ln302" [D:/Internship/GMSK/vit_reg_exg/src/viterbi_decoder.cpp:312]   --->   Operation 40 'getelementptr' 'survivor_7_addr' <Predicate = (!tmp)> <Delay = 0.00>
ST_1 : Operation 41 [1/1] (0.00ns)   --->   "%survivor_8_addr = getelementptr i1 %survivor_8, i64 0, i64 %zext_ln302" [D:/Internship/GMSK/vit_reg_exg/src/viterbi_decoder.cpp:312]   --->   Operation 41 'getelementptr' 'survivor_8_addr' <Predicate = (!tmp)> <Delay = 0.00>
ST_1 : Operation 42 [1/1] (0.00ns)   --->   "%survivor_9_addr = getelementptr i1 %survivor_9, i64 0, i64 %zext_ln302" [D:/Internship/GMSK/vit_reg_exg/src/viterbi_decoder.cpp:312]   --->   Operation 42 'getelementptr' 'survivor_9_addr' <Predicate = (!tmp)> <Delay = 0.00>
ST_1 : Operation 43 [1/1] (0.00ns)   --->   "%survivor_10_addr = getelementptr i1 %survivor_10, i64 0, i64 %zext_ln302" [D:/Internship/GMSK/vit_reg_exg/src/viterbi_decoder.cpp:312]   --->   Operation 43 'getelementptr' 'survivor_10_addr' <Predicate = (!tmp)> <Delay = 0.00>
ST_1 : Operation 44 [1/1] (0.00ns)   --->   "%survivor_11_addr = getelementptr i1 %survivor_11, i64 0, i64 %zext_ln302" [D:/Internship/GMSK/vit_reg_exg/src/viterbi_decoder.cpp:312]   --->   Operation 44 'getelementptr' 'survivor_11_addr' <Predicate = (!tmp)> <Delay = 0.00>
ST_1 : Operation 45 [1/1] (0.00ns)   --->   "%survivor_12_addr = getelementptr i1 %survivor_12, i64 0, i64 %zext_ln302" [D:/Internship/GMSK/vit_reg_exg/src/viterbi_decoder.cpp:312]   --->   Operation 45 'getelementptr' 'survivor_12_addr' <Predicate = (!tmp)> <Delay = 0.00>
ST_1 : Operation 46 [1/1] (0.00ns)   --->   "%survivor_13_addr = getelementptr i1 %survivor_13, i64 0, i64 %zext_ln302" [D:/Internship/GMSK/vit_reg_exg/src/viterbi_decoder.cpp:312]   --->   Operation 46 'getelementptr' 'survivor_13_addr' <Predicate = (!tmp)> <Delay = 0.00>
ST_1 : Operation 47 [1/1] (0.00ns)   --->   "%survivor_14_addr = getelementptr i1 %survivor_14, i64 0, i64 %zext_ln302" [D:/Internship/GMSK/vit_reg_exg/src/viterbi_decoder.cpp:312]   --->   Operation 47 'getelementptr' 'survivor_14_addr' <Predicate = (!tmp)> <Delay = 0.00>
ST_1 : Operation 48 [1/1] (0.00ns)   --->   "%survivor_15_addr = getelementptr i1 %survivor_15, i64 0, i64 %zext_ln302" [D:/Internship/GMSK/vit_reg_exg/src/viterbi_decoder.cpp:312]   --->   Operation 48 'getelementptr' 'survivor_15_addr' <Predicate = (!tmp)> <Delay = 0.00>
ST_1 : Operation 49 [1/1] (0.00ns)   --->   "%survivor_16_addr = getelementptr i1 %survivor_16, i64 0, i64 %zext_ln302" [D:/Internship/GMSK/vit_reg_exg/src/viterbi_decoder.cpp:312]   --->   Operation 49 'getelementptr' 'survivor_16_addr' <Predicate = (!tmp)> <Delay = 0.00>
ST_1 : Operation 50 [1/1] (0.00ns)   --->   "%survivor_17_addr = getelementptr i1 %survivor_17, i64 0, i64 %zext_ln302" [D:/Internship/GMSK/vit_reg_exg/src/viterbi_decoder.cpp:312]   --->   Operation 50 'getelementptr' 'survivor_17_addr' <Predicate = (!tmp)> <Delay = 0.00>
ST_1 : Operation 51 [1/1] (0.00ns)   --->   "%survivor_18_addr = getelementptr i1 %survivor_18, i64 0, i64 %zext_ln302" [D:/Internship/GMSK/vit_reg_exg/src/viterbi_decoder.cpp:312]   --->   Operation 51 'getelementptr' 'survivor_18_addr' <Predicate = (!tmp)> <Delay = 0.00>
ST_1 : Operation 52 [1/1] (0.00ns)   --->   "%survivor_19_addr = getelementptr i1 %survivor_19, i64 0, i64 %zext_ln302" [D:/Internship/GMSK/vit_reg_exg/src/viterbi_decoder.cpp:312]   --->   Operation 52 'getelementptr' 'survivor_19_addr' <Predicate = (!tmp)> <Delay = 0.00>
ST_1 : Operation 53 [1/1] (0.00ns)   --->   "%survivor_20_addr = getelementptr i1 %survivor_20, i64 0, i64 %zext_ln302" [D:/Internship/GMSK/vit_reg_exg/src/viterbi_decoder.cpp:312]   --->   Operation 53 'getelementptr' 'survivor_20_addr' <Predicate = (!tmp)> <Delay = 0.00>
ST_1 : Operation 54 [1/1] (0.00ns)   --->   "%survivor_21_addr = getelementptr i1 %survivor_21, i64 0, i64 %zext_ln302" [D:/Internship/GMSK/vit_reg_exg/src/viterbi_decoder.cpp:312]   --->   Operation 54 'getelementptr' 'survivor_21_addr' <Predicate = (!tmp)> <Delay = 0.00>
ST_1 : Operation 55 [1/1] (0.00ns)   --->   "%survivor_22_addr = getelementptr i1 %survivor_22, i64 0, i64 %zext_ln302" [D:/Internship/GMSK/vit_reg_exg/src/viterbi_decoder.cpp:312]   --->   Operation 55 'getelementptr' 'survivor_22_addr' <Predicate = (!tmp)> <Delay = 0.00>
ST_1 : Operation 56 [1/1] (0.00ns)   --->   "%survivor_23_addr = getelementptr i1 %survivor_23, i64 0, i64 %zext_ln302" [D:/Internship/GMSK/vit_reg_exg/src/viterbi_decoder.cpp:312]   --->   Operation 56 'getelementptr' 'survivor_23_addr' <Predicate = (!tmp)> <Delay = 0.00>
ST_1 : Operation 57 [1/1] (0.00ns)   --->   "%survivor_24_addr = getelementptr i1 %survivor_24, i64 0, i64 %zext_ln302" [D:/Internship/GMSK/vit_reg_exg/src/viterbi_decoder.cpp:312]   --->   Operation 57 'getelementptr' 'survivor_24_addr' <Predicate = (!tmp)> <Delay = 0.00>
ST_1 : Operation 58 [1/1] (0.00ns)   --->   "%survivor_25_addr = getelementptr i1 %survivor_25, i64 0, i64 %zext_ln302" [D:/Internship/GMSK/vit_reg_exg/src/viterbi_decoder.cpp:312]   --->   Operation 58 'getelementptr' 'survivor_25_addr' <Predicate = (!tmp)> <Delay = 0.00>
ST_1 : Operation 59 [1/1] (0.00ns)   --->   "%survivor_26_addr = getelementptr i1 %survivor_26, i64 0, i64 %zext_ln302" [D:/Internship/GMSK/vit_reg_exg/src/viterbi_decoder.cpp:312]   --->   Operation 59 'getelementptr' 'survivor_26_addr' <Predicate = (!tmp)> <Delay = 0.00>
ST_1 : Operation 60 [1/1] (0.00ns)   --->   "%survivor_27_addr = getelementptr i1 %survivor_27, i64 0, i64 %zext_ln302" [D:/Internship/GMSK/vit_reg_exg/src/viterbi_decoder.cpp:312]   --->   Operation 60 'getelementptr' 'survivor_27_addr' <Predicate = (!tmp)> <Delay = 0.00>
ST_1 : Operation 61 [1/1] (0.00ns)   --->   "%survivor_28_addr = getelementptr i1 %survivor_28, i64 0, i64 %zext_ln302" [D:/Internship/GMSK/vit_reg_exg/src/viterbi_decoder.cpp:312]   --->   Operation 61 'getelementptr' 'survivor_28_addr' <Predicate = (!tmp)> <Delay = 0.00>
ST_1 : Operation 62 [1/1] (0.00ns)   --->   "%survivor_29_addr = getelementptr i1 %survivor_29, i64 0, i64 %zext_ln302" [D:/Internship/GMSK/vit_reg_exg/src/viterbi_decoder.cpp:312]   --->   Operation 62 'getelementptr' 'survivor_29_addr' <Predicate = (!tmp)> <Delay = 0.00>
ST_1 : Operation 63 [1/1] (0.00ns)   --->   "%survivor_30_addr = getelementptr i1 %survivor_30, i64 0, i64 %zext_ln302" [D:/Internship/GMSK/vit_reg_exg/src/viterbi_decoder.cpp:312]   --->   Operation 63 'getelementptr' 'survivor_30_addr' <Predicate = (!tmp)> <Delay = 0.00>
ST_1 : Operation 64 [1/1] (0.00ns)   --->   "%survivor_31_addr = getelementptr i1 %survivor_31, i64 0, i64 %zext_ln302" [D:/Internship/GMSK/vit_reg_exg/src/viterbi_decoder.cpp:312]   --->   Operation 64 'getelementptr' 'survivor_31_addr' <Predicate = (!tmp)> <Delay = 0.00>
ST_1 : Operation 65 [1/1] (0.00ns)   --->   "%survivor_32_addr = getelementptr i1 %survivor_32, i64 0, i64 %zext_ln302" [D:/Internship/GMSK/vit_reg_exg/src/viterbi_decoder.cpp:312]   --->   Operation 65 'getelementptr' 'survivor_32_addr' <Predicate = (!tmp)> <Delay = 0.00>
ST_1 : Operation 66 [1/1] (0.00ns)   --->   "%survivor_33_addr = getelementptr i1 %survivor_33, i64 0, i64 %zext_ln302" [D:/Internship/GMSK/vit_reg_exg/src/viterbi_decoder.cpp:312]   --->   Operation 66 'getelementptr' 'survivor_33_addr' <Predicate = (!tmp)> <Delay = 0.00>
ST_1 : Operation 67 [1/1] (0.00ns)   --->   "%survivor_34_addr = getelementptr i1 %survivor_34, i64 0, i64 %zext_ln302" [D:/Internship/GMSK/vit_reg_exg/src/viterbi_decoder.cpp:312]   --->   Operation 67 'getelementptr' 'survivor_34_addr' <Predicate = (!tmp)> <Delay = 0.00>
ST_1 : Operation 68 [1/1] (0.00ns)   --->   "%survivor_35_addr = getelementptr i1 %survivor_35, i64 0, i64 %zext_ln302" [D:/Internship/GMSK/vit_reg_exg/src/viterbi_decoder.cpp:312]   --->   Operation 68 'getelementptr' 'survivor_35_addr' <Predicate = (!tmp)> <Delay = 0.00>
ST_1 : Operation 69 [1/1] (0.00ns)   --->   "%survivor_36_addr = getelementptr i1 %survivor_36, i64 0, i64 %zext_ln302" [D:/Internship/GMSK/vit_reg_exg/src/viterbi_decoder.cpp:312]   --->   Operation 69 'getelementptr' 'survivor_36_addr' <Predicate = (!tmp)> <Delay = 0.00>
ST_1 : Operation 70 [1/1] (0.00ns)   --->   "%survivor_37_addr = getelementptr i1 %survivor_37, i64 0, i64 %zext_ln302" [D:/Internship/GMSK/vit_reg_exg/src/viterbi_decoder.cpp:312]   --->   Operation 70 'getelementptr' 'survivor_37_addr' <Predicate = (!tmp)> <Delay = 0.00>
ST_1 : Operation 71 [1/1] (0.00ns)   --->   "%survivor_38_addr = getelementptr i1 %survivor_38, i64 0, i64 %zext_ln302" [D:/Internship/GMSK/vit_reg_exg/src/viterbi_decoder.cpp:312]   --->   Operation 71 'getelementptr' 'survivor_38_addr' <Predicate = (!tmp)> <Delay = 0.00>
ST_1 : Operation 72 [1/1] (0.00ns)   --->   "%survivor_39_addr = getelementptr i1 %survivor_39, i64 0, i64 %zext_ln302" [D:/Internship/GMSK/vit_reg_exg/src/viterbi_decoder.cpp:312]   --->   Operation 72 'getelementptr' 'survivor_39_addr' <Predicate = (!tmp)> <Delay = 0.00>
ST_1 : Operation 73 [1/1] (0.00ns)   --->   "%survivor_40_addr = getelementptr i1 %survivor_40, i64 0, i64 %zext_ln302" [D:/Internship/GMSK/vit_reg_exg/src/viterbi_decoder.cpp:312]   --->   Operation 73 'getelementptr' 'survivor_40_addr' <Predicate = (!tmp)> <Delay = 0.00>
ST_1 : Operation 74 [1/1] (0.00ns)   --->   "%survivor_41_addr = getelementptr i1 %survivor_41, i64 0, i64 %zext_ln302" [D:/Internship/GMSK/vit_reg_exg/src/viterbi_decoder.cpp:312]   --->   Operation 74 'getelementptr' 'survivor_41_addr' <Predicate = (!tmp)> <Delay = 0.00>
ST_1 : Operation 75 [1/1] (0.00ns)   --->   "%survivor_42_addr = getelementptr i1 %survivor_42, i64 0, i64 %zext_ln302" [D:/Internship/GMSK/vit_reg_exg/src/viterbi_decoder.cpp:312]   --->   Operation 75 'getelementptr' 'survivor_42_addr' <Predicate = (!tmp)> <Delay = 0.00>
ST_1 : Operation 76 [1/1] (0.00ns)   --->   "%survivor_43_addr = getelementptr i1 %survivor_43, i64 0, i64 %zext_ln302" [D:/Internship/GMSK/vit_reg_exg/src/viterbi_decoder.cpp:312]   --->   Operation 76 'getelementptr' 'survivor_43_addr' <Predicate = (!tmp)> <Delay = 0.00>
ST_1 : Operation 77 [1/1] (0.00ns)   --->   "%survivor_44_addr = getelementptr i1 %survivor_44, i64 0, i64 %zext_ln302" [D:/Internship/GMSK/vit_reg_exg/src/viterbi_decoder.cpp:312]   --->   Operation 77 'getelementptr' 'survivor_44_addr' <Predicate = (!tmp)> <Delay = 0.00>
ST_1 : Operation 78 [1/1] (0.00ns)   --->   "%survivor_45_addr = getelementptr i1 %survivor_45, i64 0, i64 %zext_ln302" [D:/Internship/GMSK/vit_reg_exg/src/viterbi_decoder.cpp:312]   --->   Operation 78 'getelementptr' 'survivor_45_addr' <Predicate = (!tmp)> <Delay = 0.00>
ST_1 : Operation 79 [1/1] (0.00ns)   --->   "%survivor_46_addr = getelementptr i1 %survivor_46, i64 0, i64 %zext_ln302" [D:/Internship/GMSK/vit_reg_exg/src/viterbi_decoder.cpp:312]   --->   Operation 79 'getelementptr' 'survivor_46_addr' <Predicate = (!tmp)> <Delay = 0.00>
ST_1 : Operation 80 [1/1] (0.00ns)   --->   "%survivor_47_addr = getelementptr i1 %survivor_47, i64 0, i64 %zext_ln302" [D:/Internship/GMSK/vit_reg_exg/src/viterbi_decoder.cpp:312]   --->   Operation 80 'getelementptr' 'survivor_47_addr' <Predicate = (!tmp)> <Delay = 0.00>
ST_1 : Operation 81 [1/1] (0.00ns)   --->   "%survivor_48_addr = getelementptr i1 %survivor_48, i64 0, i64 %zext_ln302" [D:/Internship/GMSK/vit_reg_exg/src/viterbi_decoder.cpp:312]   --->   Operation 81 'getelementptr' 'survivor_48_addr' <Predicate = (!tmp)> <Delay = 0.00>
ST_1 : Operation 82 [1/1] (0.00ns)   --->   "%survivor_49_addr = getelementptr i1 %survivor_49, i64 0, i64 %zext_ln302" [D:/Internship/GMSK/vit_reg_exg/src/viterbi_decoder.cpp:312]   --->   Operation 82 'getelementptr' 'survivor_49_addr' <Predicate = (!tmp)> <Delay = 0.00>
ST_1 : Operation 83 [1/1] (0.00ns)   --->   "%survivor_50_addr = getelementptr i1 %survivor_50, i64 0, i64 %zext_ln302" [D:/Internship/GMSK/vit_reg_exg/src/viterbi_decoder.cpp:312]   --->   Operation 83 'getelementptr' 'survivor_50_addr' <Predicate = (!tmp)> <Delay = 0.00>
ST_1 : Operation 84 [1/1] (0.00ns)   --->   "%survivor_51_addr = getelementptr i1 %survivor_51, i64 0, i64 %zext_ln302" [D:/Internship/GMSK/vit_reg_exg/src/viterbi_decoder.cpp:312]   --->   Operation 84 'getelementptr' 'survivor_51_addr' <Predicate = (!tmp)> <Delay = 0.00>
ST_1 : Operation 85 [1/1] (0.00ns)   --->   "%survivor_52_addr = getelementptr i1 %survivor_52, i64 0, i64 %zext_ln302" [D:/Internship/GMSK/vit_reg_exg/src/viterbi_decoder.cpp:312]   --->   Operation 85 'getelementptr' 'survivor_52_addr' <Predicate = (!tmp)> <Delay = 0.00>
ST_1 : Operation 86 [1/1] (0.00ns)   --->   "%survivor_53_addr = getelementptr i1 %survivor_53, i64 0, i64 %zext_ln302" [D:/Internship/GMSK/vit_reg_exg/src/viterbi_decoder.cpp:312]   --->   Operation 86 'getelementptr' 'survivor_53_addr' <Predicate = (!tmp)> <Delay = 0.00>
ST_1 : Operation 87 [1/1] (0.00ns)   --->   "%survivor_54_addr = getelementptr i1 %survivor_54, i64 0, i64 %zext_ln302" [D:/Internship/GMSK/vit_reg_exg/src/viterbi_decoder.cpp:312]   --->   Operation 87 'getelementptr' 'survivor_54_addr' <Predicate = (!tmp)> <Delay = 0.00>
ST_1 : Operation 88 [1/1] (0.00ns)   --->   "%survivor_55_addr = getelementptr i1 %survivor_55, i64 0, i64 %zext_ln302" [D:/Internship/GMSK/vit_reg_exg/src/viterbi_decoder.cpp:312]   --->   Operation 88 'getelementptr' 'survivor_55_addr' <Predicate = (!tmp)> <Delay = 0.00>
ST_1 : Operation 89 [1/1] (0.00ns)   --->   "%survivor_56_addr = getelementptr i1 %survivor_56, i64 0, i64 %zext_ln302" [D:/Internship/GMSK/vit_reg_exg/src/viterbi_decoder.cpp:312]   --->   Operation 89 'getelementptr' 'survivor_56_addr' <Predicate = (!tmp)> <Delay = 0.00>
ST_1 : Operation 90 [1/1] (0.00ns)   --->   "%survivor_57_addr = getelementptr i1 %survivor_57, i64 0, i64 %zext_ln302" [D:/Internship/GMSK/vit_reg_exg/src/viterbi_decoder.cpp:312]   --->   Operation 90 'getelementptr' 'survivor_57_addr' <Predicate = (!tmp)> <Delay = 0.00>
ST_1 : Operation 91 [1/1] (0.00ns)   --->   "%survivor_58_addr = getelementptr i1 %survivor_58, i64 0, i64 %zext_ln302" [D:/Internship/GMSK/vit_reg_exg/src/viterbi_decoder.cpp:312]   --->   Operation 91 'getelementptr' 'survivor_58_addr' <Predicate = (!tmp)> <Delay = 0.00>
ST_1 : Operation 92 [1/1] (0.00ns)   --->   "%survivor_59_addr = getelementptr i1 %survivor_59, i64 0, i64 %zext_ln302" [D:/Internship/GMSK/vit_reg_exg/src/viterbi_decoder.cpp:312]   --->   Operation 92 'getelementptr' 'survivor_59_addr' <Predicate = (!tmp)> <Delay = 0.00>
ST_1 : Operation 93 [1/1] (0.00ns)   --->   "%survivor_60_addr = getelementptr i1 %survivor_60, i64 0, i64 %zext_ln302" [D:/Internship/GMSK/vit_reg_exg/src/viterbi_decoder.cpp:312]   --->   Operation 93 'getelementptr' 'survivor_60_addr' <Predicate = (!tmp)> <Delay = 0.00>
ST_1 : Operation 94 [1/1] (0.00ns)   --->   "%survivor_61_addr = getelementptr i1 %survivor_61, i64 0, i64 %zext_ln302" [D:/Internship/GMSK/vit_reg_exg/src/viterbi_decoder.cpp:312]   --->   Operation 94 'getelementptr' 'survivor_61_addr' <Predicate = (!tmp)> <Delay = 0.00>
ST_1 : Operation 95 [1/1] (0.00ns)   --->   "%survivor_62_addr = getelementptr i1 %survivor_62, i64 0, i64 %zext_ln302" [D:/Internship/GMSK/vit_reg_exg/src/viterbi_decoder.cpp:312]   --->   Operation 95 'getelementptr' 'survivor_62_addr' <Predicate = (!tmp)> <Delay = 0.00>
ST_1 : Operation 96 [1/1] (0.00ns)   --->   "%survivor_63_addr = getelementptr i1 %survivor_63, i64 0, i64 %zext_ln302" [D:/Internship/GMSK/vit_reg_exg/src/viterbi_decoder.cpp:312]   --->   Operation 96 'getelementptr' 'survivor_63_addr' <Predicate = (!tmp)> <Delay = 0.00>
ST_1 : Operation 97 [2/2] (0.67ns)   --->   "%survivor_load = load i5 %survivor_addr" [D:/Internship/GMSK/vit_reg_exg/src/viterbi_decoder.cpp:312]   --->   Operation 97 'load' 'survivor_load' <Predicate = (!tmp)> <Delay = 0.67> <CoreInst = "RAM">   --->   Core 82 'RAM' <Latency = 1> <II = 1> <Delay = 0.67> <Storage> <Opcode : 'load' 'store'> <Ports = 2> <Width = 1> <Depth = 32> <RAM>
ST_1 : Operation 98 [2/2] (0.67ns)   --->   "%survivor_1_load = load i5 %survivor_1_addr" [D:/Internship/GMSK/vit_reg_exg/src/viterbi_decoder.cpp:312]   --->   Operation 98 'load' 'survivor_1_load' <Predicate = (!tmp)> <Delay = 0.67> <CoreInst = "RAM">   --->   Core 82 'RAM' <Latency = 1> <II = 1> <Delay = 0.67> <Storage> <Opcode : 'load' 'store'> <Ports = 2> <Width = 1> <Depth = 32> <RAM>
ST_1 : Operation 99 [2/2] (0.67ns)   --->   "%survivor_2_load = load i5 %survivor_2_addr" [D:/Internship/GMSK/vit_reg_exg/src/viterbi_decoder.cpp:312]   --->   Operation 99 'load' 'survivor_2_load' <Predicate = (!tmp)> <Delay = 0.67> <CoreInst = "RAM">   --->   Core 82 'RAM' <Latency = 1> <II = 1> <Delay = 0.67> <Storage> <Opcode : 'load' 'store'> <Ports = 2> <Width = 1> <Depth = 32> <RAM>
ST_1 : Operation 100 [2/2] (0.67ns)   --->   "%survivor_3_load = load i5 %survivor_3_addr" [D:/Internship/GMSK/vit_reg_exg/src/viterbi_decoder.cpp:312]   --->   Operation 100 'load' 'survivor_3_load' <Predicate = (!tmp)> <Delay = 0.67> <CoreInst = "RAM">   --->   Core 82 'RAM' <Latency = 1> <II = 1> <Delay = 0.67> <Storage> <Opcode : 'load' 'store'> <Ports = 2> <Width = 1> <Depth = 32> <RAM>
ST_1 : Operation 101 [2/2] (0.67ns)   --->   "%survivor_4_load = load i5 %survivor_4_addr" [D:/Internship/GMSK/vit_reg_exg/src/viterbi_decoder.cpp:312]   --->   Operation 101 'load' 'survivor_4_load' <Predicate = (!tmp)> <Delay = 0.67> <CoreInst = "RAM">   --->   Core 82 'RAM' <Latency = 1> <II = 1> <Delay = 0.67> <Storage> <Opcode : 'load' 'store'> <Ports = 2> <Width = 1> <Depth = 32> <RAM>
ST_1 : Operation 102 [2/2] (0.67ns)   --->   "%survivor_5_load = load i5 %survivor_5_addr" [D:/Internship/GMSK/vit_reg_exg/src/viterbi_decoder.cpp:312]   --->   Operation 102 'load' 'survivor_5_load' <Predicate = (!tmp)> <Delay = 0.67> <CoreInst = "RAM">   --->   Core 82 'RAM' <Latency = 1> <II = 1> <Delay = 0.67> <Storage> <Opcode : 'load' 'store'> <Ports = 2> <Width = 1> <Depth = 32> <RAM>
ST_1 : Operation 103 [2/2] (0.67ns)   --->   "%survivor_6_load = load i5 %survivor_6_addr" [D:/Internship/GMSK/vit_reg_exg/src/viterbi_decoder.cpp:312]   --->   Operation 103 'load' 'survivor_6_load' <Predicate = (!tmp)> <Delay = 0.67> <CoreInst = "RAM">   --->   Core 82 'RAM' <Latency = 1> <II = 1> <Delay = 0.67> <Storage> <Opcode : 'load' 'store'> <Ports = 2> <Width = 1> <Depth = 32> <RAM>
ST_1 : Operation 104 [2/2] (0.67ns)   --->   "%survivor_7_load = load i5 %survivor_7_addr" [D:/Internship/GMSK/vit_reg_exg/src/viterbi_decoder.cpp:312]   --->   Operation 104 'load' 'survivor_7_load' <Predicate = (!tmp)> <Delay = 0.67> <CoreInst = "RAM">   --->   Core 82 'RAM' <Latency = 1> <II = 1> <Delay = 0.67> <Storage> <Opcode : 'load' 'store'> <Ports = 2> <Width = 1> <Depth = 32> <RAM>
ST_1 : Operation 105 [2/2] (0.67ns)   --->   "%survivor_8_load = load i5 %survivor_8_addr" [D:/Internship/GMSK/vit_reg_exg/src/viterbi_decoder.cpp:312]   --->   Operation 105 'load' 'survivor_8_load' <Predicate = (!tmp)> <Delay = 0.67> <CoreInst = "RAM">   --->   Core 82 'RAM' <Latency = 1> <II = 1> <Delay = 0.67> <Storage> <Opcode : 'load' 'store'> <Ports = 2> <Width = 1> <Depth = 32> <RAM>
ST_1 : Operation 106 [2/2] (0.67ns)   --->   "%survivor_9_load = load i5 %survivor_9_addr" [D:/Internship/GMSK/vit_reg_exg/src/viterbi_decoder.cpp:312]   --->   Operation 106 'load' 'survivor_9_load' <Predicate = (!tmp)> <Delay = 0.67> <CoreInst = "RAM">   --->   Core 82 'RAM' <Latency = 1> <II = 1> <Delay = 0.67> <Storage> <Opcode : 'load' 'store'> <Ports = 2> <Width = 1> <Depth = 32> <RAM>
ST_1 : Operation 107 [2/2] (0.67ns)   --->   "%survivor_10_load = load i5 %survivor_10_addr" [D:/Internship/GMSK/vit_reg_exg/src/viterbi_decoder.cpp:312]   --->   Operation 107 'load' 'survivor_10_load' <Predicate = (!tmp)> <Delay = 0.67> <CoreInst = "RAM">   --->   Core 82 'RAM' <Latency = 1> <II = 1> <Delay = 0.67> <Storage> <Opcode : 'load' 'store'> <Ports = 2> <Width = 1> <Depth = 32> <RAM>
ST_1 : Operation 108 [2/2] (0.67ns)   --->   "%survivor_11_load = load i5 %survivor_11_addr" [D:/Internship/GMSK/vit_reg_exg/src/viterbi_decoder.cpp:312]   --->   Operation 108 'load' 'survivor_11_load' <Predicate = (!tmp)> <Delay = 0.67> <CoreInst = "RAM">   --->   Core 82 'RAM' <Latency = 1> <II = 1> <Delay = 0.67> <Storage> <Opcode : 'load' 'store'> <Ports = 2> <Width = 1> <Depth = 32> <RAM>
ST_1 : Operation 109 [2/2] (0.67ns)   --->   "%survivor_12_load = load i5 %survivor_12_addr" [D:/Internship/GMSK/vit_reg_exg/src/viterbi_decoder.cpp:312]   --->   Operation 109 'load' 'survivor_12_load' <Predicate = (!tmp)> <Delay = 0.67> <CoreInst = "RAM">   --->   Core 82 'RAM' <Latency = 1> <II = 1> <Delay = 0.67> <Storage> <Opcode : 'load' 'store'> <Ports = 2> <Width = 1> <Depth = 32> <RAM>
ST_1 : Operation 110 [2/2] (0.67ns)   --->   "%survivor_13_load = load i5 %survivor_13_addr" [D:/Internship/GMSK/vit_reg_exg/src/viterbi_decoder.cpp:312]   --->   Operation 110 'load' 'survivor_13_load' <Predicate = (!tmp)> <Delay = 0.67> <CoreInst = "RAM">   --->   Core 82 'RAM' <Latency = 1> <II = 1> <Delay = 0.67> <Storage> <Opcode : 'load' 'store'> <Ports = 2> <Width = 1> <Depth = 32> <RAM>
ST_1 : Operation 111 [2/2] (0.67ns)   --->   "%survivor_14_load = load i5 %survivor_14_addr" [D:/Internship/GMSK/vit_reg_exg/src/viterbi_decoder.cpp:312]   --->   Operation 111 'load' 'survivor_14_load' <Predicate = (!tmp)> <Delay = 0.67> <CoreInst = "RAM">   --->   Core 82 'RAM' <Latency = 1> <II = 1> <Delay = 0.67> <Storage> <Opcode : 'load' 'store'> <Ports = 2> <Width = 1> <Depth = 32> <RAM>
ST_1 : Operation 112 [2/2] (0.67ns)   --->   "%survivor_15_load = load i5 %survivor_15_addr" [D:/Internship/GMSK/vit_reg_exg/src/viterbi_decoder.cpp:312]   --->   Operation 112 'load' 'survivor_15_load' <Predicate = (!tmp)> <Delay = 0.67> <CoreInst = "RAM">   --->   Core 82 'RAM' <Latency = 1> <II = 1> <Delay = 0.67> <Storage> <Opcode : 'load' 'store'> <Ports = 2> <Width = 1> <Depth = 32> <RAM>
ST_1 : Operation 113 [2/2] (0.67ns)   --->   "%survivor_16_load = load i5 %survivor_16_addr" [D:/Internship/GMSK/vit_reg_exg/src/viterbi_decoder.cpp:312]   --->   Operation 113 'load' 'survivor_16_load' <Predicate = (!tmp)> <Delay = 0.67> <CoreInst = "RAM">   --->   Core 82 'RAM' <Latency = 1> <II = 1> <Delay = 0.67> <Storage> <Opcode : 'load' 'store'> <Ports = 2> <Width = 1> <Depth = 32> <RAM>
ST_1 : Operation 114 [2/2] (0.67ns)   --->   "%survivor_17_load = load i5 %survivor_17_addr" [D:/Internship/GMSK/vit_reg_exg/src/viterbi_decoder.cpp:312]   --->   Operation 114 'load' 'survivor_17_load' <Predicate = (!tmp)> <Delay = 0.67> <CoreInst = "RAM">   --->   Core 82 'RAM' <Latency = 1> <II = 1> <Delay = 0.67> <Storage> <Opcode : 'load' 'store'> <Ports = 2> <Width = 1> <Depth = 32> <RAM>
ST_1 : Operation 115 [2/2] (0.67ns)   --->   "%survivor_18_load = load i5 %survivor_18_addr" [D:/Internship/GMSK/vit_reg_exg/src/viterbi_decoder.cpp:312]   --->   Operation 115 'load' 'survivor_18_load' <Predicate = (!tmp)> <Delay = 0.67> <CoreInst = "RAM">   --->   Core 82 'RAM' <Latency = 1> <II = 1> <Delay = 0.67> <Storage> <Opcode : 'load' 'store'> <Ports = 2> <Width = 1> <Depth = 32> <RAM>
ST_1 : Operation 116 [2/2] (0.67ns)   --->   "%survivor_19_load = load i5 %survivor_19_addr" [D:/Internship/GMSK/vit_reg_exg/src/viterbi_decoder.cpp:312]   --->   Operation 116 'load' 'survivor_19_load' <Predicate = (!tmp)> <Delay = 0.67> <CoreInst = "RAM">   --->   Core 82 'RAM' <Latency = 1> <II = 1> <Delay = 0.67> <Storage> <Opcode : 'load' 'store'> <Ports = 2> <Width = 1> <Depth = 32> <RAM>
ST_1 : Operation 117 [2/2] (0.67ns)   --->   "%survivor_20_load = load i5 %survivor_20_addr" [D:/Internship/GMSK/vit_reg_exg/src/viterbi_decoder.cpp:312]   --->   Operation 117 'load' 'survivor_20_load' <Predicate = (!tmp)> <Delay = 0.67> <CoreInst = "RAM">   --->   Core 82 'RAM' <Latency = 1> <II = 1> <Delay = 0.67> <Storage> <Opcode : 'load' 'store'> <Ports = 2> <Width = 1> <Depth = 32> <RAM>
ST_1 : Operation 118 [2/2] (0.67ns)   --->   "%survivor_21_load = load i5 %survivor_21_addr" [D:/Internship/GMSK/vit_reg_exg/src/viterbi_decoder.cpp:312]   --->   Operation 118 'load' 'survivor_21_load' <Predicate = (!tmp)> <Delay = 0.67> <CoreInst = "RAM">   --->   Core 82 'RAM' <Latency = 1> <II = 1> <Delay = 0.67> <Storage> <Opcode : 'load' 'store'> <Ports = 2> <Width = 1> <Depth = 32> <RAM>
ST_1 : Operation 119 [2/2] (0.67ns)   --->   "%survivor_22_load = load i5 %survivor_22_addr" [D:/Internship/GMSK/vit_reg_exg/src/viterbi_decoder.cpp:312]   --->   Operation 119 'load' 'survivor_22_load' <Predicate = (!tmp)> <Delay = 0.67> <CoreInst = "RAM">   --->   Core 82 'RAM' <Latency = 1> <II = 1> <Delay = 0.67> <Storage> <Opcode : 'load' 'store'> <Ports = 2> <Width = 1> <Depth = 32> <RAM>
ST_1 : Operation 120 [2/2] (0.67ns)   --->   "%survivor_23_load = load i5 %survivor_23_addr" [D:/Internship/GMSK/vit_reg_exg/src/viterbi_decoder.cpp:312]   --->   Operation 120 'load' 'survivor_23_load' <Predicate = (!tmp)> <Delay = 0.67> <CoreInst = "RAM">   --->   Core 82 'RAM' <Latency = 1> <II = 1> <Delay = 0.67> <Storage> <Opcode : 'load' 'store'> <Ports = 2> <Width = 1> <Depth = 32> <RAM>
ST_1 : Operation 121 [2/2] (0.67ns)   --->   "%survivor_24_load = load i5 %survivor_24_addr" [D:/Internship/GMSK/vit_reg_exg/src/viterbi_decoder.cpp:312]   --->   Operation 121 'load' 'survivor_24_load' <Predicate = (!tmp)> <Delay = 0.67> <CoreInst = "RAM">   --->   Core 82 'RAM' <Latency = 1> <II = 1> <Delay = 0.67> <Storage> <Opcode : 'load' 'store'> <Ports = 2> <Width = 1> <Depth = 32> <RAM>
ST_1 : Operation 122 [2/2] (0.67ns)   --->   "%survivor_25_load = load i5 %survivor_25_addr" [D:/Internship/GMSK/vit_reg_exg/src/viterbi_decoder.cpp:312]   --->   Operation 122 'load' 'survivor_25_load' <Predicate = (!tmp)> <Delay = 0.67> <CoreInst = "RAM">   --->   Core 82 'RAM' <Latency = 1> <II = 1> <Delay = 0.67> <Storage> <Opcode : 'load' 'store'> <Ports = 2> <Width = 1> <Depth = 32> <RAM>
ST_1 : Operation 123 [2/2] (0.67ns)   --->   "%survivor_26_load = load i5 %survivor_26_addr" [D:/Internship/GMSK/vit_reg_exg/src/viterbi_decoder.cpp:312]   --->   Operation 123 'load' 'survivor_26_load' <Predicate = (!tmp)> <Delay = 0.67> <CoreInst = "RAM">   --->   Core 82 'RAM' <Latency = 1> <II = 1> <Delay = 0.67> <Storage> <Opcode : 'load' 'store'> <Ports = 2> <Width = 1> <Depth = 32> <RAM>
ST_1 : Operation 124 [2/2] (0.67ns)   --->   "%survivor_27_load = load i5 %survivor_27_addr" [D:/Internship/GMSK/vit_reg_exg/src/viterbi_decoder.cpp:312]   --->   Operation 124 'load' 'survivor_27_load' <Predicate = (!tmp)> <Delay = 0.67> <CoreInst = "RAM">   --->   Core 82 'RAM' <Latency = 1> <II = 1> <Delay = 0.67> <Storage> <Opcode : 'load' 'store'> <Ports = 2> <Width = 1> <Depth = 32> <RAM>
ST_1 : Operation 125 [2/2] (0.67ns)   --->   "%survivor_28_load = load i5 %survivor_28_addr" [D:/Internship/GMSK/vit_reg_exg/src/viterbi_decoder.cpp:312]   --->   Operation 125 'load' 'survivor_28_load' <Predicate = (!tmp)> <Delay = 0.67> <CoreInst = "RAM">   --->   Core 82 'RAM' <Latency = 1> <II = 1> <Delay = 0.67> <Storage> <Opcode : 'load' 'store'> <Ports = 2> <Width = 1> <Depth = 32> <RAM>
ST_1 : Operation 126 [2/2] (0.67ns)   --->   "%survivor_29_load = load i5 %survivor_29_addr" [D:/Internship/GMSK/vit_reg_exg/src/viterbi_decoder.cpp:312]   --->   Operation 126 'load' 'survivor_29_load' <Predicate = (!tmp)> <Delay = 0.67> <CoreInst = "RAM">   --->   Core 82 'RAM' <Latency = 1> <II = 1> <Delay = 0.67> <Storage> <Opcode : 'load' 'store'> <Ports = 2> <Width = 1> <Depth = 32> <RAM>
ST_1 : Operation 127 [2/2] (0.67ns)   --->   "%survivor_30_load = load i5 %survivor_30_addr" [D:/Internship/GMSK/vit_reg_exg/src/viterbi_decoder.cpp:312]   --->   Operation 127 'load' 'survivor_30_load' <Predicate = (!tmp)> <Delay = 0.67> <CoreInst = "RAM">   --->   Core 82 'RAM' <Latency = 1> <II = 1> <Delay = 0.67> <Storage> <Opcode : 'load' 'store'> <Ports = 2> <Width = 1> <Depth = 32> <RAM>
ST_1 : Operation 128 [2/2] (0.67ns)   --->   "%survivor_31_load = load i5 %survivor_31_addr" [D:/Internship/GMSK/vit_reg_exg/src/viterbi_decoder.cpp:312]   --->   Operation 128 'load' 'survivor_31_load' <Predicate = (!tmp)> <Delay = 0.67> <CoreInst = "RAM">   --->   Core 82 'RAM' <Latency = 1> <II = 1> <Delay = 0.67> <Storage> <Opcode : 'load' 'store'> <Ports = 2> <Width = 1> <Depth = 32> <RAM>
ST_1 : Operation 129 [2/2] (0.67ns)   --->   "%survivor_32_load = load i5 %survivor_32_addr" [D:/Internship/GMSK/vit_reg_exg/src/viterbi_decoder.cpp:312]   --->   Operation 129 'load' 'survivor_32_load' <Predicate = (!tmp)> <Delay = 0.67> <CoreInst = "RAM">   --->   Core 82 'RAM' <Latency = 1> <II = 1> <Delay = 0.67> <Storage> <Opcode : 'load' 'store'> <Ports = 2> <Width = 1> <Depth = 32> <RAM>
ST_1 : Operation 130 [2/2] (0.67ns)   --->   "%survivor_33_load = load i5 %survivor_33_addr" [D:/Internship/GMSK/vit_reg_exg/src/viterbi_decoder.cpp:312]   --->   Operation 130 'load' 'survivor_33_load' <Predicate = (!tmp)> <Delay = 0.67> <CoreInst = "RAM">   --->   Core 82 'RAM' <Latency = 1> <II = 1> <Delay = 0.67> <Storage> <Opcode : 'load' 'store'> <Ports = 2> <Width = 1> <Depth = 32> <RAM>
ST_1 : Operation 131 [2/2] (0.67ns)   --->   "%survivor_34_load = load i5 %survivor_34_addr" [D:/Internship/GMSK/vit_reg_exg/src/viterbi_decoder.cpp:312]   --->   Operation 131 'load' 'survivor_34_load' <Predicate = (!tmp)> <Delay = 0.67> <CoreInst = "RAM">   --->   Core 82 'RAM' <Latency = 1> <II = 1> <Delay = 0.67> <Storage> <Opcode : 'load' 'store'> <Ports = 2> <Width = 1> <Depth = 32> <RAM>
ST_1 : Operation 132 [2/2] (0.67ns)   --->   "%survivor_35_load = load i5 %survivor_35_addr" [D:/Internship/GMSK/vit_reg_exg/src/viterbi_decoder.cpp:312]   --->   Operation 132 'load' 'survivor_35_load' <Predicate = (!tmp)> <Delay = 0.67> <CoreInst = "RAM">   --->   Core 82 'RAM' <Latency = 1> <II = 1> <Delay = 0.67> <Storage> <Opcode : 'load' 'store'> <Ports = 2> <Width = 1> <Depth = 32> <RAM>
ST_1 : Operation 133 [2/2] (0.67ns)   --->   "%survivor_36_load = load i5 %survivor_36_addr" [D:/Internship/GMSK/vit_reg_exg/src/viterbi_decoder.cpp:312]   --->   Operation 133 'load' 'survivor_36_load' <Predicate = (!tmp)> <Delay = 0.67> <CoreInst = "RAM">   --->   Core 82 'RAM' <Latency = 1> <II = 1> <Delay = 0.67> <Storage> <Opcode : 'load' 'store'> <Ports = 2> <Width = 1> <Depth = 32> <RAM>
ST_1 : Operation 134 [2/2] (0.67ns)   --->   "%survivor_37_load = load i5 %survivor_37_addr" [D:/Internship/GMSK/vit_reg_exg/src/viterbi_decoder.cpp:312]   --->   Operation 134 'load' 'survivor_37_load' <Predicate = (!tmp)> <Delay = 0.67> <CoreInst = "RAM">   --->   Core 82 'RAM' <Latency = 1> <II = 1> <Delay = 0.67> <Storage> <Opcode : 'load' 'store'> <Ports = 2> <Width = 1> <Depth = 32> <RAM>
ST_1 : Operation 135 [2/2] (0.67ns)   --->   "%survivor_38_load = load i5 %survivor_38_addr" [D:/Internship/GMSK/vit_reg_exg/src/viterbi_decoder.cpp:312]   --->   Operation 135 'load' 'survivor_38_load' <Predicate = (!tmp)> <Delay = 0.67> <CoreInst = "RAM">   --->   Core 82 'RAM' <Latency = 1> <II = 1> <Delay = 0.67> <Storage> <Opcode : 'load' 'store'> <Ports = 2> <Width = 1> <Depth = 32> <RAM>
ST_1 : Operation 136 [2/2] (0.67ns)   --->   "%survivor_39_load = load i5 %survivor_39_addr" [D:/Internship/GMSK/vit_reg_exg/src/viterbi_decoder.cpp:312]   --->   Operation 136 'load' 'survivor_39_load' <Predicate = (!tmp)> <Delay = 0.67> <CoreInst = "RAM">   --->   Core 82 'RAM' <Latency = 1> <II = 1> <Delay = 0.67> <Storage> <Opcode : 'load' 'store'> <Ports = 2> <Width = 1> <Depth = 32> <RAM>
ST_1 : Operation 137 [2/2] (0.67ns)   --->   "%survivor_40_load = load i5 %survivor_40_addr" [D:/Internship/GMSK/vit_reg_exg/src/viterbi_decoder.cpp:312]   --->   Operation 137 'load' 'survivor_40_load' <Predicate = (!tmp)> <Delay = 0.67> <CoreInst = "RAM">   --->   Core 82 'RAM' <Latency = 1> <II = 1> <Delay = 0.67> <Storage> <Opcode : 'load' 'store'> <Ports = 2> <Width = 1> <Depth = 32> <RAM>
ST_1 : Operation 138 [2/2] (0.67ns)   --->   "%survivor_41_load = load i5 %survivor_41_addr" [D:/Internship/GMSK/vit_reg_exg/src/viterbi_decoder.cpp:312]   --->   Operation 138 'load' 'survivor_41_load' <Predicate = (!tmp)> <Delay = 0.67> <CoreInst = "RAM">   --->   Core 82 'RAM' <Latency = 1> <II = 1> <Delay = 0.67> <Storage> <Opcode : 'load' 'store'> <Ports = 2> <Width = 1> <Depth = 32> <RAM>
ST_1 : Operation 139 [2/2] (0.67ns)   --->   "%survivor_42_load = load i5 %survivor_42_addr" [D:/Internship/GMSK/vit_reg_exg/src/viterbi_decoder.cpp:312]   --->   Operation 139 'load' 'survivor_42_load' <Predicate = (!tmp)> <Delay = 0.67> <CoreInst = "RAM">   --->   Core 82 'RAM' <Latency = 1> <II = 1> <Delay = 0.67> <Storage> <Opcode : 'load' 'store'> <Ports = 2> <Width = 1> <Depth = 32> <RAM>
ST_1 : Operation 140 [2/2] (0.67ns)   --->   "%survivor_43_load = load i5 %survivor_43_addr" [D:/Internship/GMSK/vit_reg_exg/src/viterbi_decoder.cpp:312]   --->   Operation 140 'load' 'survivor_43_load' <Predicate = (!tmp)> <Delay = 0.67> <CoreInst = "RAM">   --->   Core 82 'RAM' <Latency = 1> <II = 1> <Delay = 0.67> <Storage> <Opcode : 'load' 'store'> <Ports = 2> <Width = 1> <Depth = 32> <RAM>
ST_1 : Operation 141 [2/2] (0.67ns)   --->   "%survivor_44_load = load i5 %survivor_44_addr" [D:/Internship/GMSK/vit_reg_exg/src/viterbi_decoder.cpp:312]   --->   Operation 141 'load' 'survivor_44_load' <Predicate = (!tmp)> <Delay = 0.67> <CoreInst = "RAM">   --->   Core 82 'RAM' <Latency = 1> <II = 1> <Delay = 0.67> <Storage> <Opcode : 'load' 'store'> <Ports = 2> <Width = 1> <Depth = 32> <RAM>
ST_1 : Operation 142 [2/2] (0.67ns)   --->   "%survivor_45_load = load i5 %survivor_45_addr" [D:/Internship/GMSK/vit_reg_exg/src/viterbi_decoder.cpp:312]   --->   Operation 142 'load' 'survivor_45_load' <Predicate = (!tmp)> <Delay = 0.67> <CoreInst = "RAM">   --->   Core 82 'RAM' <Latency = 1> <II = 1> <Delay = 0.67> <Storage> <Opcode : 'load' 'store'> <Ports = 2> <Width = 1> <Depth = 32> <RAM>
ST_1 : Operation 143 [2/2] (0.67ns)   --->   "%survivor_46_load = load i5 %survivor_46_addr" [D:/Internship/GMSK/vit_reg_exg/src/viterbi_decoder.cpp:312]   --->   Operation 143 'load' 'survivor_46_load' <Predicate = (!tmp)> <Delay = 0.67> <CoreInst = "RAM">   --->   Core 82 'RAM' <Latency = 1> <II = 1> <Delay = 0.67> <Storage> <Opcode : 'load' 'store'> <Ports = 2> <Width = 1> <Depth = 32> <RAM>
ST_1 : Operation 144 [2/2] (0.67ns)   --->   "%survivor_47_load = load i5 %survivor_47_addr" [D:/Internship/GMSK/vit_reg_exg/src/viterbi_decoder.cpp:312]   --->   Operation 144 'load' 'survivor_47_load' <Predicate = (!tmp)> <Delay = 0.67> <CoreInst = "RAM">   --->   Core 82 'RAM' <Latency = 1> <II = 1> <Delay = 0.67> <Storage> <Opcode : 'load' 'store'> <Ports = 2> <Width = 1> <Depth = 32> <RAM>
ST_1 : Operation 145 [2/2] (0.67ns)   --->   "%survivor_48_load = load i5 %survivor_48_addr" [D:/Internship/GMSK/vit_reg_exg/src/viterbi_decoder.cpp:312]   --->   Operation 145 'load' 'survivor_48_load' <Predicate = (!tmp)> <Delay = 0.67> <CoreInst = "RAM">   --->   Core 82 'RAM' <Latency = 1> <II = 1> <Delay = 0.67> <Storage> <Opcode : 'load' 'store'> <Ports = 2> <Width = 1> <Depth = 32> <RAM>
ST_1 : Operation 146 [2/2] (0.67ns)   --->   "%survivor_49_load = load i5 %survivor_49_addr" [D:/Internship/GMSK/vit_reg_exg/src/viterbi_decoder.cpp:312]   --->   Operation 146 'load' 'survivor_49_load' <Predicate = (!tmp)> <Delay = 0.67> <CoreInst = "RAM">   --->   Core 82 'RAM' <Latency = 1> <II = 1> <Delay = 0.67> <Storage> <Opcode : 'load' 'store'> <Ports = 2> <Width = 1> <Depth = 32> <RAM>
ST_1 : Operation 147 [2/2] (0.67ns)   --->   "%survivor_50_load = load i5 %survivor_50_addr" [D:/Internship/GMSK/vit_reg_exg/src/viterbi_decoder.cpp:312]   --->   Operation 147 'load' 'survivor_50_load' <Predicate = (!tmp)> <Delay = 0.67> <CoreInst = "RAM">   --->   Core 82 'RAM' <Latency = 1> <II = 1> <Delay = 0.67> <Storage> <Opcode : 'load' 'store'> <Ports = 2> <Width = 1> <Depth = 32> <RAM>
ST_1 : Operation 148 [2/2] (0.67ns)   --->   "%survivor_51_load = load i5 %survivor_51_addr" [D:/Internship/GMSK/vit_reg_exg/src/viterbi_decoder.cpp:312]   --->   Operation 148 'load' 'survivor_51_load' <Predicate = (!tmp)> <Delay = 0.67> <CoreInst = "RAM">   --->   Core 82 'RAM' <Latency = 1> <II = 1> <Delay = 0.67> <Storage> <Opcode : 'load' 'store'> <Ports = 2> <Width = 1> <Depth = 32> <RAM>
ST_1 : Operation 149 [2/2] (0.67ns)   --->   "%survivor_52_load = load i5 %survivor_52_addr" [D:/Internship/GMSK/vit_reg_exg/src/viterbi_decoder.cpp:312]   --->   Operation 149 'load' 'survivor_52_load' <Predicate = (!tmp)> <Delay = 0.67> <CoreInst = "RAM">   --->   Core 82 'RAM' <Latency = 1> <II = 1> <Delay = 0.67> <Storage> <Opcode : 'load' 'store'> <Ports = 2> <Width = 1> <Depth = 32> <RAM>
ST_1 : Operation 150 [2/2] (0.67ns)   --->   "%survivor_53_load = load i5 %survivor_53_addr" [D:/Internship/GMSK/vit_reg_exg/src/viterbi_decoder.cpp:312]   --->   Operation 150 'load' 'survivor_53_load' <Predicate = (!tmp)> <Delay = 0.67> <CoreInst = "RAM">   --->   Core 82 'RAM' <Latency = 1> <II = 1> <Delay = 0.67> <Storage> <Opcode : 'load' 'store'> <Ports = 2> <Width = 1> <Depth = 32> <RAM>
ST_1 : Operation 151 [2/2] (0.67ns)   --->   "%survivor_54_load = load i5 %survivor_54_addr" [D:/Internship/GMSK/vit_reg_exg/src/viterbi_decoder.cpp:312]   --->   Operation 151 'load' 'survivor_54_load' <Predicate = (!tmp)> <Delay = 0.67> <CoreInst = "RAM">   --->   Core 82 'RAM' <Latency = 1> <II = 1> <Delay = 0.67> <Storage> <Opcode : 'load' 'store'> <Ports = 2> <Width = 1> <Depth = 32> <RAM>
ST_1 : Operation 152 [2/2] (0.67ns)   --->   "%survivor_55_load = load i5 %survivor_55_addr" [D:/Internship/GMSK/vit_reg_exg/src/viterbi_decoder.cpp:312]   --->   Operation 152 'load' 'survivor_55_load' <Predicate = (!tmp)> <Delay = 0.67> <CoreInst = "RAM">   --->   Core 82 'RAM' <Latency = 1> <II = 1> <Delay = 0.67> <Storage> <Opcode : 'load' 'store'> <Ports = 2> <Width = 1> <Depth = 32> <RAM>
ST_1 : Operation 153 [2/2] (0.67ns)   --->   "%survivor_56_load = load i5 %survivor_56_addr" [D:/Internship/GMSK/vit_reg_exg/src/viterbi_decoder.cpp:312]   --->   Operation 153 'load' 'survivor_56_load' <Predicate = (!tmp)> <Delay = 0.67> <CoreInst = "RAM">   --->   Core 82 'RAM' <Latency = 1> <II = 1> <Delay = 0.67> <Storage> <Opcode : 'load' 'store'> <Ports = 2> <Width = 1> <Depth = 32> <RAM>
ST_1 : Operation 154 [2/2] (0.67ns)   --->   "%survivor_57_load = load i5 %survivor_57_addr" [D:/Internship/GMSK/vit_reg_exg/src/viterbi_decoder.cpp:312]   --->   Operation 154 'load' 'survivor_57_load' <Predicate = (!tmp)> <Delay = 0.67> <CoreInst = "RAM">   --->   Core 82 'RAM' <Latency = 1> <II = 1> <Delay = 0.67> <Storage> <Opcode : 'load' 'store'> <Ports = 2> <Width = 1> <Depth = 32> <RAM>
ST_1 : Operation 155 [2/2] (0.67ns)   --->   "%survivor_58_load = load i5 %survivor_58_addr" [D:/Internship/GMSK/vit_reg_exg/src/viterbi_decoder.cpp:312]   --->   Operation 155 'load' 'survivor_58_load' <Predicate = (!tmp)> <Delay = 0.67> <CoreInst = "RAM">   --->   Core 82 'RAM' <Latency = 1> <II = 1> <Delay = 0.67> <Storage> <Opcode : 'load' 'store'> <Ports = 2> <Width = 1> <Depth = 32> <RAM>
ST_1 : Operation 156 [2/2] (0.67ns)   --->   "%survivor_59_load = load i5 %survivor_59_addr" [D:/Internship/GMSK/vit_reg_exg/src/viterbi_decoder.cpp:312]   --->   Operation 156 'load' 'survivor_59_load' <Predicate = (!tmp)> <Delay = 0.67> <CoreInst = "RAM">   --->   Core 82 'RAM' <Latency = 1> <II = 1> <Delay = 0.67> <Storage> <Opcode : 'load' 'store'> <Ports = 2> <Width = 1> <Depth = 32> <RAM>
ST_1 : Operation 157 [2/2] (0.67ns)   --->   "%survivor_60_load = load i5 %survivor_60_addr" [D:/Internship/GMSK/vit_reg_exg/src/viterbi_decoder.cpp:312]   --->   Operation 157 'load' 'survivor_60_load' <Predicate = (!tmp)> <Delay = 0.67> <CoreInst = "RAM">   --->   Core 82 'RAM' <Latency = 1> <II = 1> <Delay = 0.67> <Storage> <Opcode : 'load' 'store'> <Ports = 2> <Width = 1> <Depth = 32> <RAM>
ST_1 : Operation 158 [2/2] (0.67ns)   --->   "%survivor_61_load = load i5 %survivor_61_addr" [D:/Internship/GMSK/vit_reg_exg/src/viterbi_decoder.cpp:312]   --->   Operation 158 'load' 'survivor_61_load' <Predicate = (!tmp)> <Delay = 0.67> <CoreInst = "RAM">   --->   Core 82 'RAM' <Latency = 1> <II = 1> <Delay = 0.67> <Storage> <Opcode : 'load' 'store'> <Ports = 2> <Width = 1> <Depth = 32> <RAM>
ST_1 : Operation 159 [2/2] (0.67ns)   --->   "%survivor_62_load = load i5 %survivor_62_addr" [D:/Internship/GMSK/vit_reg_exg/src/viterbi_decoder.cpp:312]   --->   Operation 159 'load' 'survivor_62_load' <Predicate = (!tmp)> <Delay = 0.67> <CoreInst = "RAM">   --->   Core 82 'RAM' <Latency = 1> <II = 1> <Delay = 0.67> <Storage> <Opcode : 'load' 'store'> <Ports = 2> <Width = 1> <Depth = 32> <RAM>
ST_1 : Operation 160 [2/2] (0.67ns)   --->   "%survivor_63_load = load i5 %survivor_63_addr" [D:/Internship/GMSK/vit_reg_exg/src/viterbi_decoder.cpp:312]   --->   Operation 160 'load' 'survivor_63_load' <Predicate = (!tmp)> <Delay = 0.67> <CoreInst = "RAM">   --->   Core 82 'RAM' <Latency = 1> <II = 1> <Delay = 0.67> <Storage> <Opcode : 'load' 'store'> <Ports = 2> <Width = 1> <Depth = 32> <RAM>
ST_1 : Operation 161 [1/1] (0.78ns)   --->   "%add_ln302 = add i5 %t, i5 31" [D:/Internship/GMSK/vit_reg_exg/src/viterbi_decoder.cpp:302]   --->   Operation 161 'add' 'add_ln302' <Predicate = (!tmp)> <Delay = 0.78> <CoreInst = "Adder">   --->   Core 1 'Adder' <Latency = 0> <II = 1> <Delay = 0.78> <FuncUnit> <Opcode : 'add' 'sub'> <InPorts = 2> <OutPorts = 1>
ST_1 : Operation 162 [1/1] (0.42ns)   --->   "%store_ln302 = store i5 %add_ln302, i5 %t_1" [D:/Internship/GMSK/vit_reg_exg/src/viterbi_decoder.cpp:302]   --->   Operation 162 'store' 'store_ln302' <Predicate = (!tmp)> <Delay = 0.42>
ST_1 : Operation 270 [1/1] (0.00ns)   --->   "%p_load35 = load i1 %empty"   --->   Operation 270 'load' 'p_load35' <Predicate = (tmp)> <Delay = 0.00>
ST_1 : Operation 271 [1/1] (0.00ns)   --->   "%p_load34 = load i1 %empty_11"   --->   Operation 271 'load' 'p_load34' <Predicate = (tmp)> <Delay = 0.00>
ST_1 : Operation 272 [1/1] (0.00ns)   --->   "%p_load33 = load i1 %empty_12"   --->   Operation 272 'load' 'p_load33' <Predicate = (tmp)> <Delay = 0.00>
ST_1 : Operation 273 [1/1] (0.00ns)   --->   "%p_load32 = load i1 %empty_13"   --->   Operation 273 'load' 'p_load32' <Predicate = (tmp)> <Delay = 0.00>
ST_1 : Operation 274 [1/1] (0.00ns)   --->   "%p_load31 = load i1 %empty_14"   --->   Operation 274 'load' 'p_load31' <Predicate = (tmp)> <Delay = 0.00>
ST_1 : Operation 275 [1/1] (0.00ns)   --->   "%p_load30 = load i1 %empty_15"   --->   Operation 275 'load' 'p_load30' <Predicate = (tmp)> <Delay = 0.00>
ST_1 : Operation 276 [1/1] (0.00ns)   --->   "%p_load29 = load i1 %empty_16"   --->   Operation 276 'load' 'p_load29' <Predicate = (tmp)> <Delay = 0.00>
ST_1 : Operation 277 [1/1] (0.00ns)   --->   "%p_load28 = load i1 %empty_17"   --->   Operation 277 'load' 'p_load28' <Predicate = (tmp)> <Delay = 0.00>
ST_1 : Operation 278 [1/1] (0.00ns)   --->   "%p_load27 = load i1 %empty_18"   --->   Operation 278 'load' 'p_load27' <Predicate = (tmp)> <Delay = 0.00>
ST_1 : Operation 279 [1/1] (0.00ns)   --->   "%p_load26 = load i1 %empty_19"   --->   Operation 279 'load' 'p_load26' <Predicate = (tmp)> <Delay = 0.00>
ST_1 : Operation 280 [1/1] (0.00ns)   --->   "%p_load25 = load i1 %empty_20"   --->   Operation 280 'load' 'p_load25' <Predicate = (tmp)> <Delay = 0.00>
ST_1 : Operation 281 [1/1] (0.00ns)   --->   "%p_load24 = load i1 %empty_21"   --->   Operation 281 'load' 'p_load24' <Predicate = (tmp)> <Delay = 0.00>
ST_1 : Operation 282 [1/1] (0.00ns)   --->   "%p_load23 = load i1 %empty_22"   --->   Operation 282 'load' 'p_load23' <Predicate = (tmp)> <Delay = 0.00>
ST_1 : Operation 283 [1/1] (0.00ns)   --->   "%p_load22 = load i1 %empty_23"   --->   Operation 283 'load' 'p_load22' <Predicate = (tmp)> <Delay = 0.00>
ST_1 : Operation 284 [1/1] (0.00ns)   --->   "%p_load21 = load i1 %empty_24"   --->   Operation 284 'load' 'p_load21' <Predicate = (tmp)> <Delay = 0.00>
ST_1 : Operation 285 [1/1] (0.00ns)   --->   "%p_load = load i1 %empty_25"   --->   Operation 285 'load' 'p_load' <Predicate = (tmp)> <Delay = 0.00>
ST_1 : Operation 286 [1/1] (0.00ns)   --->   "%write_ln0 = write void @_ssdm_op_Write.ap_auto.i1P0A, i1 %p_out, i1 %p_load"   --->   Operation 286 'write' 'write_ln0' <Predicate = (tmp)> <Delay = 0.00>
ST_1 : Operation 287 [1/1] (0.00ns)   --->   "%write_ln0 = write void @_ssdm_op_Write.ap_auto.i1P0A, i1 %p_out1, i1 %p_load21"   --->   Operation 287 'write' 'write_ln0' <Predicate = (tmp)> <Delay = 0.00>
ST_1 : Operation 288 [1/1] (0.00ns)   --->   "%write_ln0 = write void @_ssdm_op_Write.ap_auto.i1P0A, i1 %p_out2, i1 %p_load22"   --->   Operation 288 'write' 'write_ln0' <Predicate = (tmp)> <Delay = 0.00>
ST_1 : Operation 289 [1/1] (0.00ns)   --->   "%write_ln0 = write void @_ssdm_op_Write.ap_auto.i1P0A, i1 %p_out3, i1 %p_load23"   --->   Operation 289 'write' 'write_ln0' <Predicate = (tmp)> <Delay = 0.00>
ST_1 : Operation 290 [1/1] (0.00ns)   --->   "%write_ln0 = write void @_ssdm_op_Write.ap_auto.i1P0A, i1 %p_out4, i1 %p_load24"   --->   Operation 290 'write' 'write_ln0' <Predicate = (tmp)> <Delay = 0.00>
ST_1 : Operation 291 [1/1] (0.00ns)   --->   "%write_ln0 = write void @_ssdm_op_Write.ap_auto.i1P0A, i1 %p_out5, i1 %p_load25"   --->   Operation 291 'write' 'write_ln0' <Predicate = (tmp)> <Delay = 0.00>
ST_1 : Operation 292 [1/1] (0.00ns)   --->   "%write_ln0 = write void @_ssdm_op_Write.ap_auto.i1P0A, i1 %p_out6, i1 %p_load26"   --->   Operation 292 'write' 'write_ln0' <Predicate = (tmp)> <Delay = 0.00>
ST_1 : Operation 293 [1/1] (0.00ns)   --->   "%write_ln0 = write void @_ssdm_op_Write.ap_auto.i1P0A, i1 %p_out7, i1 %p_load27"   --->   Operation 293 'write' 'write_ln0' <Predicate = (tmp)> <Delay = 0.00>
ST_1 : Operation 294 [1/1] (0.00ns)   --->   "%write_ln0 = write void @_ssdm_op_Write.ap_auto.i1P0A, i1 %p_out8, i1 %p_load28"   --->   Operation 294 'write' 'write_ln0' <Predicate = (tmp)> <Delay = 0.00>
ST_1 : Operation 295 [1/1] (0.00ns)   --->   "%write_ln0 = write void @_ssdm_op_Write.ap_auto.i1P0A, i1 %p_out9, i1 %p_load29"   --->   Operation 295 'write' 'write_ln0' <Predicate = (tmp)> <Delay = 0.00>
ST_1 : Operation 296 [1/1] (0.00ns)   --->   "%write_ln0 = write void @_ssdm_op_Write.ap_auto.i1P0A, i1 %p_out10, i1 %p_load30"   --->   Operation 296 'write' 'write_ln0' <Predicate = (tmp)> <Delay = 0.00>
ST_1 : Operation 297 [1/1] (0.00ns)   --->   "%write_ln0 = write void @_ssdm_op_Write.ap_auto.i1P0A, i1 %p_out11, i1 %p_load31"   --->   Operation 297 'write' 'write_ln0' <Predicate = (tmp)> <Delay = 0.00>
ST_1 : Operation 298 [1/1] (0.00ns)   --->   "%write_ln0 = write void @_ssdm_op_Write.ap_auto.i1P0A, i1 %p_out12, i1 %p_load32"   --->   Operation 298 'write' 'write_ln0' <Predicate = (tmp)> <Delay = 0.00>
ST_1 : Operation 299 [1/1] (0.00ns)   --->   "%write_ln0 = write void @_ssdm_op_Write.ap_auto.i1P0A, i1 %p_out13, i1 %p_load33"   --->   Operation 299 'write' 'write_ln0' <Predicate = (tmp)> <Delay = 0.00>
ST_1 : Operation 300 [1/1] (0.00ns)   --->   "%write_ln0 = write void @_ssdm_op_Write.ap_auto.i1P0A, i1 %p_out14, i1 %p_load34"   --->   Operation 300 'write' 'write_ln0' <Predicate = (tmp)> <Delay = 0.00>
ST_1 : Operation 301 [1/1] (0.00ns)   --->   "%write_ln0 = write void @_ssdm_op_Write.ap_auto.i1P0A, i1 %p_out15, i1 %p_load35"   --->   Operation 301 'write' 'write_ln0' <Predicate = (tmp)> <Delay = 0.00>
ST_1 : Operation 302 [1/1] (0.42ns)   --->   "%ret_ln0 = ret"   --->   Operation 302 'ret' 'ret_ln0' <Predicate = (tmp)> <Delay = 0.42>

State 2 <SV = 1> <Delay = 1.95>
ST_2 : Operation 163 [1/1] (0.00ns)   --->   "%cur_state_load = load i6 %cur_state" [D:/Internship/GMSK/vit_reg_exg/src/viterbi_decoder.cpp:307]   --->   Operation 163 'load' 'cur_state_load' <Predicate = true> <Delay = 0.00>
ST_2 : Operation 164 [1/1] (0.00ns)   --->   "%specpipeline_ln299 = specpipeline void @_ssdm_op_SpecPipeline, i32 4294967295, i32 0, i32 0, i32 0, i32 4294967295, void @empty_1" [D:/Internship/GMSK/vit_reg_exg/src/viterbi_decoder.cpp:299]   --->   Operation 164 'specpipeline' 'specpipeline_ln299' <Predicate = true> <Delay = 0.00>
ST_2 : Operation 165 [1/1] (0.00ns)   --->   "%speclooptripcount_ln299 = speclooptripcount void @_ssdm_op_SpecLoopTripCount, i64 16, i64 16, i64 16" [D:/Internship/GMSK/vit_reg_exg/src/viterbi_decoder.cpp:299]   --->   Operation 165 'speclooptripcount' 'speclooptripcount_ln299' <Predicate = true> <Delay = 0.00>
ST_2 : Operation 166 [1/1] (0.00ns)   --->   "%specloopname_ln302 = specloopname void @_ssdm_op_SpecLoopName, void @empty_4" [D:/Internship/GMSK/vit_reg_exg/src/viterbi_decoder.cpp:302]   --->   Operation 166 'specloopname' 'specloopname_ln302' <Predicate = true> <Delay = 0.00>
ST_2 : Operation 167 [1/1] (0.00ns)   --->   "%decoded_arr = bitselect i1 @_ssdm_op_BitSelect.i1.i6.i32, i6 %cur_state_load, i32 5" [D:/Internship/GMSK/vit_reg_exg/src/viterbi_decoder.cpp:307]   --->   Operation 167 'bitselect' 'decoded_arr' <Predicate = true> <Delay = 0.00>
ST_2 : Operation 168 [1/1] (0.00ns)   --->   "%store_ln307 = store i1 %decoded_arr, i1 %empty_24" [D:/Internship/GMSK/vit_reg_exg/src/viterbi_decoder.cpp:307]   --->   Operation 168 'store' 'store_ln307' <Predicate = (trunc_ln302 == 14)> <Delay = 0.00>
ST_2 : Operation 169 [1/1] (0.00ns)   --->   "%br_ln307 = br void %arrayidx116.exit" [D:/Internship/GMSK/vit_reg_exg/src/viterbi_decoder.cpp:307]   --->   Operation 169 'br' 'br_ln307' <Predicate = (trunc_ln302 == 14)> <Delay = 0.00>
ST_2 : Operation 170 [1/1] (0.00ns)   --->   "%store_ln307 = store i1 %decoded_arr, i1 %empty_23" [D:/Internship/GMSK/vit_reg_exg/src/viterbi_decoder.cpp:307]   --->   Operation 170 'store' 'store_ln307' <Predicate = (trunc_ln302 == 13)> <Delay = 0.00>
ST_2 : Operation 171 [1/1] (0.00ns)   --->   "%br_ln307 = br void %arrayidx116.exit" [D:/Internship/GMSK/vit_reg_exg/src/viterbi_decoder.cpp:307]   --->   Operation 171 'br' 'br_ln307' <Predicate = (trunc_ln302 == 13)> <Delay = 0.00>
ST_2 : Operation 172 [1/1] (0.00ns)   --->   "%store_ln307 = store i1 %decoded_arr, i1 %empty_22" [D:/Internship/GMSK/vit_reg_exg/src/viterbi_decoder.cpp:307]   --->   Operation 172 'store' 'store_ln307' <Predicate = (trunc_ln302 == 12)> <Delay = 0.00>
ST_2 : Operation 173 [1/1] (0.00ns)   --->   "%br_ln307 = br void %arrayidx116.exit" [D:/Internship/GMSK/vit_reg_exg/src/viterbi_decoder.cpp:307]   --->   Operation 173 'br' 'br_ln307' <Predicate = (trunc_ln302 == 12)> <Delay = 0.00>
ST_2 : Operation 174 [1/1] (0.00ns)   --->   "%store_ln307 = store i1 %decoded_arr, i1 %empty_21" [D:/Internship/GMSK/vit_reg_exg/src/viterbi_decoder.cpp:307]   --->   Operation 174 'store' 'store_ln307' <Predicate = (trunc_ln302 == 11)> <Delay = 0.00>
ST_2 : Operation 175 [1/1] (0.00ns)   --->   "%br_ln307 = br void %arrayidx116.exit" [D:/Internship/GMSK/vit_reg_exg/src/viterbi_decoder.cpp:307]   --->   Operation 175 'br' 'br_ln307' <Predicate = (trunc_ln302 == 11)> <Delay = 0.00>
ST_2 : Operation 176 [1/1] (0.00ns)   --->   "%store_ln307 = store i1 %decoded_arr, i1 %empty_20" [D:/Internship/GMSK/vit_reg_exg/src/viterbi_decoder.cpp:307]   --->   Operation 176 'store' 'store_ln307' <Predicate = (trunc_ln302 == 10)> <Delay = 0.00>
ST_2 : Operation 177 [1/1] (0.00ns)   --->   "%br_ln307 = br void %arrayidx116.exit" [D:/Internship/GMSK/vit_reg_exg/src/viterbi_decoder.cpp:307]   --->   Operation 177 'br' 'br_ln307' <Predicate = (trunc_ln302 == 10)> <Delay = 0.00>
ST_2 : Operation 178 [1/1] (0.00ns)   --->   "%store_ln307 = store i1 %decoded_arr, i1 %empty_19" [D:/Internship/GMSK/vit_reg_exg/src/viterbi_decoder.cpp:307]   --->   Operation 178 'store' 'store_ln307' <Predicate = (trunc_ln302 == 9)> <Delay = 0.00>
ST_2 : Operation 179 [1/1] (0.00ns)   --->   "%br_ln307 = br void %arrayidx116.exit" [D:/Internship/GMSK/vit_reg_exg/src/viterbi_decoder.cpp:307]   --->   Operation 179 'br' 'br_ln307' <Predicate = (trunc_ln302 == 9)> <Delay = 0.00>
ST_2 : Operation 180 [1/1] (0.00ns)   --->   "%store_ln307 = store i1 %decoded_arr, i1 %empty_18" [D:/Internship/GMSK/vit_reg_exg/src/viterbi_decoder.cpp:307]   --->   Operation 180 'store' 'store_ln307' <Predicate = (trunc_ln302 == 8)> <Delay = 0.00>
ST_2 : Operation 181 [1/1] (0.00ns)   --->   "%br_ln307 = br void %arrayidx116.exit" [D:/Internship/GMSK/vit_reg_exg/src/viterbi_decoder.cpp:307]   --->   Operation 181 'br' 'br_ln307' <Predicate = (trunc_ln302 == 8)> <Delay = 0.00>
ST_2 : Operation 182 [1/1] (0.00ns)   --->   "%store_ln307 = store i1 %decoded_arr, i1 %empty_17" [D:/Internship/GMSK/vit_reg_exg/src/viterbi_decoder.cpp:307]   --->   Operation 182 'store' 'store_ln307' <Predicate = (trunc_ln302 == 7)> <Delay = 0.00>
ST_2 : Operation 183 [1/1] (0.00ns)   --->   "%br_ln307 = br void %arrayidx116.exit" [D:/Internship/GMSK/vit_reg_exg/src/viterbi_decoder.cpp:307]   --->   Operation 183 'br' 'br_ln307' <Predicate = (trunc_ln302 == 7)> <Delay = 0.00>
ST_2 : Operation 184 [1/1] (0.00ns)   --->   "%store_ln307 = store i1 %decoded_arr, i1 %empty_16" [D:/Internship/GMSK/vit_reg_exg/src/viterbi_decoder.cpp:307]   --->   Operation 184 'store' 'store_ln307' <Predicate = (trunc_ln302 == 6)> <Delay = 0.00>
ST_2 : Operation 185 [1/1] (0.00ns)   --->   "%br_ln307 = br void %arrayidx116.exit" [D:/Internship/GMSK/vit_reg_exg/src/viterbi_decoder.cpp:307]   --->   Operation 185 'br' 'br_ln307' <Predicate = (trunc_ln302 == 6)> <Delay = 0.00>
ST_2 : Operation 186 [1/1] (0.00ns)   --->   "%store_ln307 = store i1 %decoded_arr, i1 %empty_15" [D:/Internship/GMSK/vit_reg_exg/src/viterbi_decoder.cpp:307]   --->   Operation 186 'store' 'store_ln307' <Predicate = (trunc_ln302 == 5)> <Delay = 0.00>
ST_2 : Operation 187 [1/1] (0.00ns)   --->   "%br_ln307 = br void %arrayidx116.exit" [D:/Internship/GMSK/vit_reg_exg/src/viterbi_decoder.cpp:307]   --->   Operation 187 'br' 'br_ln307' <Predicate = (trunc_ln302 == 5)> <Delay = 0.00>
ST_2 : Operation 188 [1/1] (0.00ns)   --->   "%store_ln307 = store i1 %decoded_arr, i1 %empty_14" [D:/Internship/GMSK/vit_reg_exg/src/viterbi_decoder.cpp:307]   --->   Operation 188 'store' 'store_ln307' <Predicate = (trunc_ln302 == 4)> <Delay = 0.00>
ST_2 : Operation 189 [1/1] (0.00ns)   --->   "%br_ln307 = br void %arrayidx116.exit" [D:/Internship/GMSK/vit_reg_exg/src/viterbi_decoder.cpp:307]   --->   Operation 189 'br' 'br_ln307' <Predicate = (trunc_ln302 == 4)> <Delay = 0.00>
ST_2 : Operation 190 [1/1] (0.00ns)   --->   "%store_ln307 = store i1 %decoded_arr, i1 %empty_13" [D:/Internship/GMSK/vit_reg_exg/src/viterbi_decoder.cpp:307]   --->   Operation 190 'store' 'store_ln307' <Predicate = (trunc_ln302 == 3)> <Delay = 0.00>
ST_2 : Operation 191 [1/1] (0.00ns)   --->   "%br_ln307 = br void %arrayidx116.exit" [D:/Internship/GMSK/vit_reg_exg/src/viterbi_decoder.cpp:307]   --->   Operation 191 'br' 'br_ln307' <Predicate = (trunc_ln302 == 3)> <Delay = 0.00>
ST_2 : Operation 192 [1/1] (0.00ns)   --->   "%store_ln307 = store i1 %decoded_arr, i1 %empty_12" [D:/Internship/GMSK/vit_reg_exg/src/viterbi_decoder.cpp:307]   --->   Operation 192 'store' 'store_ln307' <Predicate = (trunc_ln302 == 2)> <Delay = 0.00>
ST_2 : Operation 193 [1/1] (0.00ns)   --->   "%br_ln307 = br void %arrayidx116.exit" [D:/Internship/GMSK/vit_reg_exg/src/viterbi_decoder.cpp:307]   --->   Operation 193 'br' 'br_ln307' <Predicate = (trunc_ln302 == 2)> <Delay = 0.00>
ST_2 : Operation 194 [1/1] (0.00ns)   --->   "%store_ln307 = store i1 %decoded_arr, i1 %empty_11" [D:/Internship/GMSK/vit_reg_exg/src/viterbi_decoder.cpp:307]   --->   Operation 194 'store' 'store_ln307' <Predicate = (trunc_ln302 == 1)> <Delay = 0.00>
ST_2 : Operation 195 [1/1] (0.00ns)   --->   "%br_ln307 = br void %arrayidx116.exit" [D:/Internship/GMSK/vit_reg_exg/src/viterbi_decoder.cpp:307]   --->   Operation 195 'br' 'br_ln307' <Predicate = (trunc_ln302 == 1)> <Delay = 0.00>
ST_2 : Operation 196 [1/1] (0.00ns)   --->   "%store_ln307 = store i1 %decoded_arr, i1 %empty" [D:/Internship/GMSK/vit_reg_exg/src/viterbi_decoder.cpp:307]   --->   Operation 196 'store' 'store_ln307' <Predicate = (trunc_ln302 == 0)> <Delay = 0.00>
ST_2 : Operation 197 [1/1] (0.00ns)   --->   "%br_ln307 = br void %arrayidx116.exit" [D:/Internship/GMSK/vit_reg_exg/src/viterbi_decoder.cpp:307]   --->   Operation 197 'br' 'br_ln307' <Predicate = (trunc_ln302 == 0)> <Delay = 0.00>
ST_2 : Operation 198 [1/1] (0.00ns)   --->   "%store_ln307 = store i1 %decoded_arr, i1 %empty_25" [D:/Internship/GMSK/vit_reg_exg/src/viterbi_decoder.cpp:307]   --->   Operation 198 'store' 'store_ln307' <Predicate = (trunc_ln302 == 15)> <Delay = 0.00>
ST_2 : Operation 199 [1/1] (0.00ns)   --->   "%br_ln307 = br void %arrayidx116.exit" [D:/Internship/GMSK/vit_reg_exg/src/viterbi_decoder.cpp:307]   --->   Operation 199 'br' 'br_ln307' <Predicate = (trunc_ln302 == 15)> <Delay = 0.00>
ST_2 : Operation 200 [1/1] (0.00ns)   --->   "%cur_state_load_1 = load i6 %cur_state" [D:/Internship/GMSK/vit_reg_exg/src/viterbi_decoder.cpp:317]   --->   Operation 200 'load' 'cur_state_load_1' <Predicate = true> <Delay = 0.00>
ST_2 : Operation 201 [1/2] ( I:0.67ns O:0.67ns )   --->   "%survivor_load = load i5 %survivor_addr" [D:/Internship/GMSK/vit_reg_exg/src/viterbi_decoder.cpp:312]   --->   Operation 201 'load' 'survivor_load' <Predicate = true> <Delay = 0.67> <CoreInst = "RAM">   --->   Core 82 'RAM' <Latency = 1> <II = 1> <Delay = 0.67> <Storage> <Opcode : 'load' 'store'> <Ports = 2> <Width = 1> <Depth = 32> <RAM>
ST_2 : Operation 202 [1/2] ( I:0.67ns O:0.67ns )   --->   "%survivor_1_load = load i5 %survivor_1_addr" [D:/Internship/GMSK/vit_reg_exg/src/viterbi_decoder.cpp:312]   --->   Operation 202 'load' 'survivor_1_load' <Predicate = true> <Delay = 0.67> <CoreInst = "RAM">   --->   Core 82 'RAM' <Latency = 1> <II = 1> <Delay = 0.67> <Storage> <Opcode : 'load' 'store'> <Ports = 2> <Width = 1> <Depth = 32> <RAM>
ST_2 : Operation 203 [1/2] ( I:0.67ns O:0.67ns )   --->   "%survivor_2_load = load i5 %survivor_2_addr" [D:/Internship/GMSK/vit_reg_exg/src/viterbi_decoder.cpp:312]   --->   Operation 203 'load' 'survivor_2_load' <Predicate = true> <Delay = 0.67> <CoreInst = "RAM">   --->   Core 82 'RAM' <Latency = 1> <II = 1> <Delay = 0.67> <Storage> <Opcode : 'load' 'store'> <Ports = 2> <Width = 1> <Depth = 32> <RAM>
ST_2 : Operation 204 [1/2] ( I:0.67ns O:0.67ns )   --->   "%survivor_3_load = load i5 %survivor_3_addr" [D:/Internship/GMSK/vit_reg_exg/src/viterbi_decoder.cpp:312]   --->   Operation 204 'load' 'survivor_3_load' <Predicate = true> <Delay = 0.67> <CoreInst = "RAM">   --->   Core 82 'RAM' <Latency = 1> <II = 1> <Delay = 0.67> <Storage> <Opcode : 'load' 'store'> <Ports = 2> <Width = 1> <Depth = 32> <RAM>
ST_2 : Operation 205 [1/2] ( I:0.67ns O:0.67ns )   --->   "%survivor_4_load = load i5 %survivor_4_addr" [D:/Internship/GMSK/vit_reg_exg/src/viterbi_decoder.cpp:312]   --->   Operation 205 'load' 'survivor_4_load' <Predicate = true> <Delay = 0.67> <CoreInst = "RAM">   --->   Core 82 'RAM' <Latency = 1> <II = 1> <Delay = 0.67> <Storage> <Opcode : 'load' 'store'> <Ports = 2> <Width = 1> <Depth = 32> <RAM>
ST_2 : Operation 206 [1/2] ( I:0.67ns O:0.67ns )   --->   "%survivor_5_load = load i5 %survivor_5_addr" [D:/Internship/GMSK/vit_reg_exg/src/viterbi_decoder.cpp:312]   --->   Operation 206 'load' 'survivor_5_load' <Predicate = true> <Delay = 0.67> <CoreInst = "RAM">   --->   Core 82 'RAM' <Latency = 1> <II = 1> <Delay = 0.67> <Storage> <Opcode : 'load' 'store'> <Ports = 2> <Width = 1> <Depth = 32> <RAM>
ST_2 : Operation 207 [1/2] ( I:0.67ns O:0.67ns )   --->   "%survivor_6_load = load i5 %survivor_6_addr" [D:/Internship/GMSK/vit_reg_exg/src/viterbi_decoder.cpp:312]   --->   Operation 207 'load' 'survivor_6_load' <Predicate = true> <Delay = 0.67> <CoreInst = "RAM">   --->   Core 82 'RAM' <Latency = 1> <II = 1> <Delay = 0.67> <Storage> <Opcode : 'load' 'store'> <Ports = 2> <Width = 1> <Depth = 32> <RAM>
ST_2 : Operation 208 [1/2] ( I:0.67ns O:0.67ns )   --->   "%survivor_7_load = load i5 %survivor_7_addr" [D:/Internship/GMSK/vit_reg_exg/src/viterbi_decoder.cpp:312]   --->   Operation 208 'load' 'survivor_7_load' <Predicate = true> <Delay = 0.67> <CoreInst = "RAM">   --->   Core 82 'RAM' <Latency = 1> <II = 1> <Delay = 0.67> <Storage> <Opcode : 'load' 'store'> <Ports = 2> <Width = 1> <Depth = 32> <RAM>
ST_2 : Operation 209 [1/2] ( I:0.67ns O:0.67ns )   --->   "%survivor_8_load = load i5 %survivor_8_addr" [D:/Internship/GMSK/vit_reg_exg/src/viterbi_decoder.cpp:312]   --->   Operation 209 'load' 'survivor_8_load' <Predicate = true> <Delay = 0.67> <CoreInst = "RAM">   --->   Core 82 'RAM' <Latency = 1> <II = 1> <Delay = 0.67> <Storage> <Opcode : 'load' 'store'> <Ports = 2> <Width = 1> <Depth = 32> <RAM>
ST_2 : Operation 210 [1/2] ( I:0.67ns O:0.67ns )   --->   "%survivor_9_load = load i5 %survivor_9_addr" [D:/Internship/GMSK/vit_reg_exg/src/viterbi_decoder.cpp:312]   --->   Operation 210 'load' 'survivor_9_load' <Predicate = true> <Delay = 0.67> <CoreInst = "RAM">   --->   Core 82 'RAM' <Latency = 1> <II = 1> <Delay = 0.67> <Storage> <Opcode : 'load' 'store'> <Ports = 2> <Width = 1> <Depth = 32> <RAM>
ST_2 : Operation 211 [1/2] ( I:0.67ns O:0.67ns )   --->   "%survivor_10_load = load i5 %survivor_10_addr" [D:/Internship/GMSK/vit_reg_exg/src/viterbi_decoder.cpp:312]   --->   Operation 211 'load' 'survivor_10_load' <Predicate = true> <Delay = 0.67> <CoreInst = "RAM">   --->   Core 82 'RAM' <Latency = 1> <II = 1> <Delay = 0.67> <Storage> <Opcode : 'load' 'store'> <Ports = 2> <Width = 1> <Depth = 32> <RAM>
ST_2 : Operation 212 [1/2] ( I:0.67ns O:0.67ns )   --->   "%survivor_11_load = load i5 %survivor_11_addr" [D:/Internship/GMSK/vit_reg_exg/src/viterbi_decoder.cpp:312]   --->   Operation 212 'load' 'survivor_11_load' <Predicate = true> <Delay = 0.67> <CoreInst = "RAM">   --->   Core 82 'RAM' <Latency = 1> <II = 1> <Delay = 0.67> <Storage> <Opcode : 'load' 'store'> <Ports = 2> <Width = 1> <Depth = 32> <RAM>
ST_2 : Operation 213 [1/2] ( I:0.67ns O:0.67ns )   --->   "%survivor_12_load = load i5 %survivor_12_addr" [D:/Internship/GMSK/vit_reg_exg/src/viterbi_decoder.cpp:312]   --->   Operation 213 'load' 'survivor_12_load' <Predicate = true> <Delay = 0.67> <CoreInst = "RAM">   --->   Core 82 'RAM' <Latency = 1> <II = 1> <Delay = 0.67> <Storage> <Opcode : 'load' 'store'> <Ports = 2> <Width = 1> <Depth = 32> <RAM>
ST_2 : Operation 214 [1/2] ( I:0.67ns O:0.67ns )   --->   "%survivor_13_load = load i5 %survivor_13_addr" [D:/Internship/GMSK/vit_reg_exg/src/viterbi_decoder.cpp:312]   --->   Operation 214 'load' 'survivor_13_load' <Predicate = true> <Delay = 0.67> <CoreInst = "RAM">   --->   Core 82 'RAM' <Latency = 1> <II = 1> <Delay = 0.67> <Storage> <Opcode : 'load' 'store'> <Ports = 2> <Width = 1> <Depth = 32> <RAM>
ST_2 : Operation 215 [1/2] ( I:0.67ns O:0.67ns )   --->   "%survivor_14_load = load i5 %survivor_14_addr" [D:/Internship/GMSK/vit_reg_exg/src/viterbi_decoder.cpp:312]   --->   Operation 215 'load' 'survivor_14_load' <Predicate = true> <Delay = 0.67> <CoreInst = "RAM">   --->   Core 82 'RAM' <Latency = 1> <II = 1> <Delay = 0.67> <Storage> <Opcode : 'load' 'store'> <Ports = 2> <Width = 1> <Depth = 32> <RAM>
ST_2 : Operation 216 [1/2] ( I:0.67ns O:0.67ns )   --->   "%survivor_15_load = load i5 %survivor_15_addr" [D:/Internship/GMSK/vit_reg_exg/src/viterbi_decoder.cpp:312]   --->   Operation 216 'load' 'survivor_15_load' <Predicate = true> <Delay = 0.67> <CoreInst = "RAM">   --->   Core 82 'RAM' <Latency = 1> <II = 1> <Delay = 0.67> <Storage> <Opcode : 'load' 'store'> <Ports = 2> <Width = 1> <Depth = 32> <RAM>
ST_2 : Operation 217 [1/2] ( I:0.67ns O:0.67ns )   --->   "%survivor_16_load = load i5 %survivor_16_addr" [D:/Internship/GMSK/vit_reg_exg/src/viterbi_decoder.cpp:312]   --->   Operation 217 'load' 'survivor_16_load' <Predicate = true> <Delay = 0.67> <CoreInst = "RAM">   --->   Core 82 'RAM' <Latency = 1> <II = 1> <Delay = 0.67> <Storage> <Opcode : 'load' 'store'> <Ports = 2> <Width = 1> <Depth = 32> <RAM>
ST_2 : Operation 218 [1/2] ( I:0.67ns O:0.67ns )   --->   "%survivor_17_load = load i5 %survivor_17_addr" [D:/Internship/GMSK/vit_reg_exg/src/viterbi_decoder.cpp:312]   --->   Operation 218 'load' 'survivor_17_load' <Predicate = true> <Delay = 0.67> <CoreInst = "RAM">   --->   Core 82 'RAM' <Latency = 1> <II = 1> <Delay = 0.67> <Storage> <Opcode : 'load' 'store'> <Ports = 2> <Width = 1> <Depth = 32> <RAM>
ST_2 : Operation 219 [1/2] ( I:0.67ns O:0.67ns )   --->   "%survivor_18_load = load i5 %survivor_18_addr" [D:/Internship/GMSK/vit_reg_exg/src/viterbi_decoder.cpp:312]   --->   Operation 219 'load' 'survivor_18_load' <Predicate = true> <Delay = 0.67> <CoreInst = "RAM">   --->   Core 82 'RAM' <Latency = 1> <II = 1> <Delay = 0.67> <Storage> <Opcode : 'load' 'store'> <Ports = 2> <Width = 1> <Depth = 32> <RAM>
ST_2 : Operation 220 [1/2] ( I:0.67ns O:0.67ns )   --->   "%survivor_19_load = load i5 %survivor_19_addr" [D:/Internship/GMSK/vit_reg_exg/src/viterbi_decoder.cpp:312]   --->   Operation 220 'load' 'survivor_19_load' <Predicate = true> <Delay = 0.67> <CoreInst = "RAM">   --->   Core 82 'RAM' <Latency = 1> <II = 1> <Delay = 0.67> <Storage> <Opcode : 'load' 'store'> <Ports = 2> <Width = 1> <Depth = 32> <RAM>
ST_2 : Operation 221 [1/2] ( I:0.67ns O:0.67ns )   --->   "%survivor_20_load = load i5 %survivor_20_addr" [D:/Internship/GMSK/vit_reg_exg/src/viterbi_decoder.cpp:312]   --->   Operation 221 'load' 'survivor_20_load' <Predicate = true> <Delay = 0.67> <CoreInst = "RAM">   --->   Core 82 'RAM' <Latency = 1> <II = 1> <Delay = 0.67> <Storage> <Opcode : 'load' 'store'> <Ports = 2> <Width = 1> <Depth = 32> <RAM>
ST_2 : Operation 222 [1/2] ( I:0.67ns O:0.67ns )   --->   "%survivor_21_load = load i5 %survivor_21_addr" [D:/Internship/GMSK/vit_reg_exg/src/viterbi_decoder.cpp:312]   --->   Operation 222 'load' 'survivor_21_load' <Predicate = true> <Delay = 0.67> <CoreInst = "RAM">   --->   Core 82 'RAM' <Latency = 1> <II = 1> <Delay = 0.67> <Storage> <Opcode : 'load' 'store'> <Ports = 2> <Width = 1> <Depth = 32> <RAM>
ST_2 : Operation 223 [1/2] ( I:0.67ns O:0.67ns )   --->   "%survivor_22_load = load i5 %survivor_22_addr" [D:/Internship/GMSK/vit_reg_exg/src/viterbi_decoder.cpp:312]   --->   Operation 223 'load' 'survivor_22_load' <Predicate = true> <Delay = 0.67> <CoreInst = "RAM">   --->   Core 82 'RAM' <Latency = 1> <II = 1> <Delay = 0.67> <Storage> <Opcode : 'load' 'store'> <Ports = 2> <Width = 1> <Depth = 32> <RAM>
ST_2 : Operation 224 [1/2] ( I:0.67ns O:0.67ns )   --->   "%survivor_23_load = load i5 %survivor_23_addr" [D:/Internship/GMSK/vit_reg_exg/src/viterbi_decoder.cpp:312]   --->   Operation 224 'load' 'survivor_23_load' <Predicate = true> <Delay = 0.67> <CoreInst = "RAM">   --->   Core 82 'RAM' <Latency = 1> <II = 1> <Delay = 0.67> <Storage> <Opcode : 'load' 'store'> <Ports = 2> <Width = 1> <Depth = 32> <RAM>
ST_2 : Operation 225 [1/2] ( I:0.67ns O:0.67ns )   --->   "%survivor_24_load = load i5 %survivor_24_addr" [D:/Internship/GMSK/vit_reg_exg/src/viterbi_decoder.cpp:312]   --->   Operation 225 'load' 'survivor_24_load' <Predicate = true> <Delay = 0.67> <CoreInst = "RAM">   --->   Core 82 'RAM' <Latency = 1> <II = 1> <Delay = 0.67> <Storage> <Opcode : 'load' 'store'> <Ports = 2> <Width = 1> <Depth = 32> <RAM>
ST_2 : Operation 226 [1/2] ( I:0.67ns O:0.67ns )   --->   "%survivor_25_load = load i5 %survivor_25_addr" [D:/Internship/GMSK/vit_reg_exg/src/viterbi_decoder.cpp:312]   --->   Operation 226 'load' 'survivor_25_load' <Predicate = true> <Delay = 0.67> <CoreInst = "RAM">   --->   Core 82 'RAM' <Latency = 1> <II = 1> <Delay = 0.67> <Storage> <Opcode : 'load' 'store'> <Ports = 2> <Width = 1> <Depth = 32> <RAM>
ST_2 : Operation 227 [1/2] ( I:0.67ns O:0.67ns )   --->   "%survivor_26_load = load i5 %survivor_26_addr" [D:/Internship/GMSK/vit_reg_exg/src/viterbi_decoder.cpp:312]   --->   Operation 227 'load' 'survivor_26_load' <Predicate = true> <Delay = 0.67> <CoreInst = "RAM">   --->   Core 82 'RAM' <Latency = 1> <II = 1> <Delay = 0.67> <Storage> <Opcode : 'load' 'store'> <Ports = 2> <Width = 1> <Depth = 32> <RAM>
ST_2 : Operation 228 [1/2] ( I:0.67ns O:0.67ns )   --->   "%survivor_27_load = load i5 %survivor_27_addr" [D:/Internship/GMSK/vit_reg_exg/src/viterbi_decoder.cpp:312]   --->   Operation 228 'load' 'survivor_27_load' <Predicate = true> <Delay = 0.67> <CoreInst = "RAM">   --->   Core 82 'RAM' <Latency = 1> <II = 1> <Delay = 0.67> <Storage> <Opcode : 'load' 'store'> <Ports = 2> <Width = 1> <Depth = 32> <RAM>
ST_2 : Operation 229 [1/2] ( I:0.67ns O:0.67ns )   --->   "%survivor_28_load = load i5 %survivor_28_addr" [D:/Internship/GMSK/vit_reg_exg/src/viterbi_decoder.cpp:312]   --->   Operation 229 'load' 'survivor_28_load' <Predicate = true> <Delay = 0.67> <CoreInst = "RAM">   --->   Core 82 'RAM' <Latency = 1> <II = 1> <Delay = 0.67> <Storage> <Opcode : 'load' 'store'> <Ports = 2> <Width = 1> <Depth = 32> <RAM>
ST_2 : Operation 230 [1/2] ( I:0.67ns O:0.67ns )   --->   "%survivor_29_load = load i5 %survivor_29_addr" [D:/Internship/GMSK/vit_reg_exg/src/viterbi_decoder.cpp:312]   --->   Operation 230 'load' 'survivor_29_load' <Predicate = true> <Delay = 0.67> <CoreInst = "RAM">   --->   Core 82 'RAM' <Latency = 1> <II = 1> <Delay = 0.67> <Storage> <Opcode : 'load' 'store'> <Ports = 2> <Width = 1> <Depth = 32> <RAM>
ST_2 : Operation 231 [1/2] ( I:0.67ns O:0.67ns )   --->   "%survivor_30_load = load i5 %survivor_30_addr" [D:/Internship/GMSK/vit_reg_exg/src/viterbi_decoder.cpp:312]   --->   Operation 231 'load' 'survivor_30_load' <Predicate = true> <Delay = 0.67> <CoreInst = "RAM">   --->   Core 82 'RAM' <Latency = 1> <II = 1> <Delay = 0.67> <Storage> <Opcode : 'load' 'store'> <Ports = 2> <Width = 1> <Depth = 32> <RAM>
ST_2 : Operation 232 [1/2] ( I:0.67ns O:0.67ns )   --->   "%survivor_31_load = load i5 %survivor_31_addr" [D:/Internship/GMSK/vit_reg_exg/src/viterbi_decoder.cpp:312]   --->   Operation 232 'load' 'survivor_31_load' <Predicate = true> <Delay = 0.67> <CoreInst = "RAM">   --->   Core 82 'RAM' <Latency = 1> <II = 1> <Delay = 0.67> <Storage> <Opcode : 'load' 'store'> <Ports = 2> <Width = 1> <Depth = 32> <RAM>
ST_2 : Operation 233 [1/2] ( I:0.67ns O:0.67ns )   --->   "%survivor_32_load = load i5 %survivor_32_addr" [D:/Internship/GMSK/vit_reg_exg/src/viterbi_decoder.cpp:312]   --->   Operation 233 'load' 'survivor_32_load' <Predicate = true> <Delay = 0.67> <CoreInst = "RAM">   --->   Core 82 'RAM' <Latency = 1> <II = 1> <Delay = 0.67> <Storage> <Opcode : 'load' 'store'> <Ports = 2> <Width = 1> <Depth = 32> <RAM>
ST_2 : Operation 234 [1/2] ( I:0.67ns O:0.67ns )   --->   "%survivor_33_load = load i5 %survivor_33_addr" [D:/Internship/GMSK/vit_reg_exg/src/viterbi_decoder.cpp:312]   --->   Operation 234 'load' 'survivor_33_load' <Predicate = true> <Delay = 0.67> <CoreInst = "RAM">   --->   Core 82 'RAM' <Latency = 1> <II = 1> <Delay = 0.67> <Storage> <Opcode : 'load' 'store'> <Ports = 2> <Width = 1> <Depth = 32> <RAM>
ST_2 : Operation 235 [1/2] ( I:0.67ns O:0.67ns )   --->   "%survivor_34_load = load i5 %survivor_34_addr" [D:/Internship/GMSK/vit_reg_exg/src/viterbi_decoder.cpp:312]   --->   Operation 235 'load' 'survivor_34_load' <Predicate = true> <Delay = 0.67> <CoreInst = "RAM">   --->   Core 82 'RAM' <Latency = 1> <II = 1> <Delay = 0.67> <Storage> <Opcode : 'load' 'store'> <Ports = 2> <Width = 1> <Depth = 32> <RAM>
ST_2 : Operation 236 [1/2] ( I:0.67ns O:0.67ns )   --->   "%survivor_35_load = load i5 %survivor_35_addr" [D:/Internship/GMSK/vit_reg_exg/src/viterbi_decoder.cpp:312]   --->   Operation 236 'load' 'survivor_35_load' <Predicate = true> <Delay = 0.67> <CoreInst = "RAM">   --->   Core 82 'RAM' <Latency = 1> <II = 1> <Delay = 0.67> <Storage> <Opcode : 'load' 'store'> <Ports = 2> <Width = 1> <Depth = 32> <RAM>
ST_2 : Operation 237 [1/2] ( I:0.67ns O:0.67ns )   --->   "%survivor_36_load = load i5 %survivor_36_addr" [D:/Internship/GMSK/vit_reg_exg/src/viterbi_decoder.cpp:312]   --->   Operation 237 'load' 'survivor_36_load' <Predicate = true> <Delay = 0.67> <CoreInst = "RAM">   --->   Core 82 'RAM' <Latency = 1> <II = 1> <Delay = 0.67> <Storage> <Opcode : 'load' 'store'> <Ports = 2> <Width = 1> <Depth = 32> <RAM>
ST_2 : Operation 238 [1/2] ( I:0.67ns O:0.67ns )   --->   "%survivor_37_load = load i5 %survivor_37_addr" [D:/Internship/GMSK/vit_reg_exg/src/viterbi_decoder.cpp:312]   --->   Operation 238 'load' 'survivor_37_load' <Predicate = true> <Delay = 0.67> <CoreInst = "RAM">   --->   Core 82 'RAM' <Latency = 1> <II = 1> <Delay = 0.67> <Storage> <Opcode : 'load' 'store'> <Ports = 2> <Width = 1> <Depth = 32> <RAM>
ST_2 : Operation 239 [1/2] ( I:0.67ns O:0.67ns )   --->   "%survivor_38_load = load i5 %survivor_38_addr" [D:/Internship/GMSK/vit_reg_exg/src/viterbi_decoder.cpp:312]   --->   Operation 239 'load' 'survivor_38_load' <Predicate = true> <Delay = 0.67> <CoreInst = "RAM">   --->   Core 82 'RAM' <Latency = 1> <II = 1> <Delay = 0.67> <Storage> <Opcode : 'load' 'store'> <Ports = 2> <Width = 1> <Depth = 32> <RAM>
ST_2 : Operation 240 [1/2] ( I:0.67ns O:0.67ns )   --->   "%survivor_39_load = load i5 %survivor_39_addr" [D:/Internship/GMSK/vit_reg_exg/src/viterbi_decoder.cpp:312]   --->   Operation 240 'load' 'survivor_39_load' <Predicate = true> <Delay = 0.67> <CoreInst = "RAM">   --->   Core 82 'RAM' <Latency = 1> <II = 1> <Delay = 0.67> <Storage> <Opcode : 'load' 'store'> <Ports = 2> <Width = 1> <Depth = 32> <RAM>
ST_2 : Operation 241 [1/2] ( I:0.67ns O:0.67ns )   --->   "%survivor_40_load = load i5 %survivor_40_addr" [D:/Internship/GMSK/vit_reg_exg/src/viterbi_decoder.cpp:312]   --->   Operation 241 'load' 'survivor_40_load' <Predicate = true> <Delay = 0.67> <CoreInst = "RAM">   --->   Core 82 'RAM' <Latency = 1> <II = 1> <Delay = 0.67> <Storage> <Opcode : 'load' 'store'> <Ports = 2> <Width = 1> <Depth = 32> <RAM>
ST_2 : Operation 242 [1/2] ( I:0.67ns O:0.67ns )   --->   "%survivor_41_load = load i5 %survivor_41_addr" [D:/Internship/GMSK/vit_reg_exg/src/viterbi_decoder.cpp:312]   --->   Operation 242 'load' 'survivor_41_load' <Predicate = true> <Delay = 0.67> <CoreInst = "RAM">   --->   Core 82 'RAM' <Latency = 1> <II = 1> <Delay = 0.67> <Storage> <Opcode : 'load' 'store'> <Ports = 2> <Width = 1> <Depth = 32> <RAM>
ST_2 : Operation 243 [1/2] ( I:0.67ns O:0.67ns )   --->   "%survivor_42_load = load i5 %survivor_42_addr" [D:/Internship/GMSK/vit_reg_exg/src/viterbi_decoder.cpp:312]   --->   Operation 243 'load' 'survivor_42_load' <Predicate = true> <Delay = 0.67> <CoreInst = "RAM">   --->   Core 82 'RAM' <Latency = 1> <II = 1> <Delay = 0.67> <Storage> <Opcode : 'load' 'store'> <Ports = 2> <Width = 1> <Depth = 32> <RAM>
ST_2 : Operation 244 [1/2] ( I:0.67ns O:0.67ns )   --->   "%survivor_43_load = load i5 %survivor_43_addr" [D:/Internship/GMSK/vit_reg_exg/src/viterbi_decoder.cpp:312]   --->   Operation 244 'load' 'survivor_43_load' <Predicate = true> <Delay = 0.67> <CoreInst = "RAM">   --->   Core 82 'RAM' <Latency = 1> <II = 1> <Delay = 0.67> <Storage> <Opcode : 'load' 'store'> <Ports = 2> <Width = 1> <Depth = 32> <RAM>
ST_2 : Operation 245 [1/2] ( I:0.67ns O:0.67ns )   --->   "%survivor_44_load = load i5 %survivor_44_addr" [D:/Internship/GMSK/vit_reg_exg/src/viterbi_decoder.cpp:312]   --->   Operation 245 'load' 'survivor_44_load' <Predicate = true> <Delay = 0.67> <CoreInst = "RAM">   --->   Core 82 'RAM' <Latency = 1> <II = 1> <Delay = 0.67> <Storage> <Opcode : 'load' 'store'> <Ports = 2> <Width = 1> <Depth = 32> <RAM>
ST_2 : Operation 246 [1/2] ( I:0.67ns O:0.67ns )   --->   "%survivor_45_load = load i5 %survivor_45_addr" [D:/Internship/GMSK/vit_reg_exg/src/viterbi_decoder.cpp:312]   --->   Operation 246 'load' 'survivor_45_load' <Predicate = true> <Delay = 0.67> <CoreInst = "RAM">   --->   Core 82 'RAM' <Latency = 1> <II = 1> <Delay = 0.67> <Storage> <Opcode : 'load' 'store'> <Ports = 2> <Width = 1> <Depth = 32> <RAM>
ST_2 : Operation 247 [1/2] ( I:0.67ns O:0.67ns )   --->   "%survivor_46_load = load i5 %survivor_46_addr" [D:/Internship/GMSK/vit_reg_exg/src/viterbi_decoder.cpp:312]   --->   Operation 247 'load' 'survivor_46_load' <Predicate = true> <Delay = 0.67> <CoreInst = "RAM">   --->   Core 82 'RAM' <Latency = 1> <II = 1> <Delay = 0.67> <Storage> <Opcode : 'load' 'store'> <Ports = 2> <Width = 1> <Depth = 32> <RAM>
ST_2 : Operation 248 [1/2] ( I:0.67ns O:0.67ns )   --->   "%survivor_47_load = load i5 %survivor_47_addr" [D:/Internship/GMSK/vit_reg_exg/src/viterbi_decoder.cpp:312]   --->   Operation 248 'load' 'survivor_47_load' <Predicate = true> <Delay = 0.67> <CoreInst = "RAM">   --->   Core 82 'RAM' <Latency = 1> <II = 1> <Delay = 0.67> <Storage> <Opcode : 'load' 'store'> <Ports = 2> <Width = 1> <Depth = 32> <RAM>
ST_2 : Operation 249 [1/2] ( I:0.67ns O:0.67ns )   --->   "%survivor_48_load = load i5 %survivor_48_addr" [D:/Internship/GMSK/vit_reg_exg/src/viterbi_decoder.cpp:312]   --->   Operation 249 'load' 'survivor_48_load' <Predicate = true> <Delay = 0.67> <CoreInst = "RAM">   --->   Core 82 'RAM' <Latency = 1> <II = 1> <Delay = 0.67> <Storage> <Opcode : 'load' 'store'> <Ports = 2> <Width = 1> <Depth = 32> <RAM>
ST_2 : Operation 250 [1/2] ( I:0.67ns O:0.67ns )   --->   "%survivor_49_load = load i5 %survivor_49_addr" [D:/Internship/GMSK/vit_reg_exg/src/viterbi_decoder.cpp:312]   --->   Operation 250 'load' 'survivor_49_load' <Predicate = true> <Delay = 0.67> <CoreInst = "RAM">   --->   Core 82 'RAM' <Latency = 1> <II = 1> <Delay = 0.67> <Storage> <Opcode : 'load' 'store'> <Ports = 2> <Width = 1> <Depth = 32> <RAM>
ST_2 : Operation 251 [1/2] ( I:0.67ns O:0.67ns )   --->   "%survivor_50_load = load i5 %survivor_50_addr" [D:/Internship/GMSK/vit_reg_exg/src/viterbi_decoder.cpp:312]   --->   Operation 251 'load' 'survivor_50_load' <Predicate = true> <Delay = 0.67> <CoreInst = "RAM">   --->   Core 82 'RAM' <Latency = 1> <II = 1> <Delay = 0.67> <Storage> <Opcode : 'load' 'store'> <Ports = 2> <Width = 1> <Depth = 32> <RAM>
ST_2 : Operation 252 [1/2] ( I:0.67ns O:0.67ns )   --->   "%survivor_51_load = load i5 %survivor_51_addr" [D:/Internship/GMSK/vit_reg_exg/src/viterbi_decoder.cpp:312]   --->   Operation 252 'load' 'survivor_51_load' <Predicate = true> <Delay = 0.67> <CoreInst = "RAM">   --->   Core 82 'RAM' <Latency = 1> <II = 1> <Delay = 0.67> <Storage> <Opcode : 'load' 'store'> <Ports = 2> <Width = 1> <Depth = 32> <RAM>
ST_2 : Operation 253 [1/2] ( I:0.67ns O:0.67ns )   --->   "%survivor_52_load = load i5 %survivor_52_addr" [D:/Internship/GMSK/vit_reg_exg/src/viterbi_decoder.cpp:312]   --->   Operation 253 'load' 'survivor_52_load' <Predicate = true> <Delay = 0.67> <CoreInst = "RAM">   --->   Core 82 'RAM' <Latency = 1> <II = 1> <Delay = 0.67> <Storage> <Opcode : 'load' 'store'> <Ports = 2> <Width = 1> <Depth = 32> <RAM>
ST_2 : Operation 254 [1/2] ( I:0.67ns O:0.67ns )   --->   "%survivor_53_load = load i5 %survivor_53_addr" [D:/Internship/GMSK/vit_reg_exg/src/viterbi_decoder.cpp:312]   --->   Operation 254 'load' 'survivor_53_load' <Predicate = true> <Delay = 0.67> <CoreInst = "RAM">   --->   Core 82 'RAM' <Latency = 1> <II = 1> <Delay = 0.67> <Storage> <Opcode : 'load' 'store'> <Ports = 2> <Width = 1> <Depth = 32> <RAM>
ST_2 : Operation 255 [1/2] ( I:0.67ns O:0.67ns )   --->   "%survivor_54_load = load i5 %survivor_54_addr" [D:/Internship/GMSK/vit_reg_exg/src/viterbi_decoder.cpp:312]   --->   Operation 255 'load' 'survivor_54_load' <Predicate = true> <Delay = 0.67> <CoreInst = "RAM">   --->   Core 82 'RAM' <Latency = 1> <II = 1> <Delay = 0.67> <Storage> <Opcode : 'load' 'store'> <Ports = 2> <Width = 1> <Depth = 32> <RAM>
ST_2 : Operation 256 [1/2] ( I:0.67ns O:0.67ns )   --->   "%survivor_55_load = load i5 %survivor_55_addr" [D:/Internship/GMSK/vit_reg_exg/src/viterbi_decoder.cpp:312]   --->   Operation 256 'load' 'survivor_55_load' <Predicate = true> <Delay = 0.67> <CoreInst = "RAM">   --->   Core 82 'RAM' <Latency = 1> <II = 1> <Delay = 0.67> <Storage> <Opcode : 'load' 'store'> <Ports = 2> <Width = 1> <Depth = 32> <RAM>
ST_2 : Operation 257 [1/2] ( I:0.67ns O:0.67ns )   --->   "%survivor_56_load = load i5 %survivor_56_addr" [D:/Internship/GMSK/vit_reg_exg/src/viterbi_decoder.cpp:312]   --->   Operation 257 'load' 'survivor_56_load' <Predicate = true> <Delay = 0.67> <CoreInst = "RAM">   --->   Core 82 'RAM' <Latency = 1> <II = 1> <Delay = 0.67> <Storage> <Opcode : 'load' 'store'> <Ports = 2> <Width = 1> <Depth = 32> <RAM>
ST_2 : Operation 258 [1/2] ( I:0.67ns O:0.67ns )   --->   "%survivor_57_load = load i5 %survivor_57_addr" [D:/Internship/GMSK/vit_reg_exg/src/viterbi_decoder.cpp:312]   --->   Operation 258 'load' 'survivor_57_load' <Predicate = true> <Delay = 0.67> <CoreInst = "RAM">   --->   Core 82 'RAM' <Latency = 1> <II = 1> <Delay = 0.67> <Storage> <Opcode : 'load' 'store'> <Ports = 2> <Width = 1> <Depth = 32> <RAM>
ST_2 : Operation 259 [1/2] ( I:0.67ns O:0.67ns )   --->   "%survivor_58_load = load i5 %survivor_58_addr" [D:/Internship/GMSK/vit_reg_exg/src/viterbi_decoder.cpp:312]   --->   Operation 259 'load' 'survivor_58_load' <Predicate = true> <Delay = 0.67> <CoreInst = "RAM">   --->   Core 82 'RAM' <Latency = 1> <II = 1> <Delay = 0.67> <Storage> <Opcode : 'load' 'store'> <Ports = 2> <Width = 1> <Depth = 32> <RAM>
ST_2 : Operation 260 [1/2] ( I:0.67ns O:0.67ns )   --->   "%survivor_59_load = load i5 %survivor_59_addr" [D:/Internship/GMSK/vit_reg_exg/src/viterbi_decoder.cpp:312]   --->   Operation 260 'load' 'survivor_59_load' <Predicate = true> <Delay = 0.67> <CoreInst = "RAM">   --->   Core 82 'RAM' <Latency = 1> <II = 1> <Delay = 0.67> <Storage> <Opcode : 'load' 'store'> <Ports = 2> <Width = 1> <Depth = 32> <RAM>
ST_2 : Operation 261 [1/2] ( I:0.67ns O:0.67ns )   --->   "%survivor_60_load = load i5 %survivor_60_addr" [D:/Internship/GMSK/vit_reg_exg/src/viterbi_decoder.cpp:312]   --->   Operation 261 'load' 'survivor_60_load' <Predicate = true> <Delay = 0.67> <CoreInst = "RAM">   --->   Core 82 'RAM' <Latency = 1> <II = 1> <Delay = 0.67> <Storage> <Opcode : 'load' 'store'> <Ports = 2> <Width = 1> <Depth = 32> <RAM>
ST_2 : Operation 262 [1/2] ( I:0.67ns O:0.67ns )   --->   "%survivor_61_load = load i5 %survivor_61_addr" [D:/Internship/GMSK/vit_reg_exg/src/viterbi_decoder.cpp:312]   --->   Operation 262 'load' 'survivor_61_load' <Predicate = true> <Delay = 0.67> <CoreInst = "RAM">   --->   Core 82 'RAM' <Latency = 1> <II = 1> <Delay = 0.67> <Storage> <Opcode : 'load' 'store'> <Ports = 2> <Width = 1> <Depth = 32> <RAM>
ST_2 : Operation 263 [1/2] ( I:0.67ns O:0.67ns )   --->   "%survivor_62_load = load i5 %survivor_62_addr" [D:/Internship/GMSK/vit_reg_exg/src/viterbi_decoder.cpp:312]   --->   Operation 263 'load' 'survivor_62_load' <Predicate = true> <Delay = 0.67> <CoreInst = "RAM">   --->   Core 82 'RAM' <Latency = 1> <II = 1> <Delay = 0.67> <Storage> <Opcode : 'load' 'store'> <Ports = 2> <Width = 1> <Depth = 32> <RAM>
ST_2 : Operation 264 [1/2] ( I:0.67ns O:0.67ns )   --->   "%survivor_63_load = load i5 %survivor_63_addr" [D:/Internship/GMSK/vit_reg_exg/src/viterbi_decoder.cpp:312]   --->   Operation 264 'load' 'survivor_63_load' <Predicate = true> <Delay = 0.67> <CoreInst = "RAM">   --->   Core 82 'RAM' <Latency = 1> <II = 1> <Delay = 0.67> <Storage> <Opcode : 'load' 'store'> <Ports = 2> <Width = 1> <Depth = 32> <RAM>
ST_2 : Operation 265 [1/1] (0.85ns)   --->   "%surv = sparsemux i1 @_ssdm_op_SparseMux.ap_auto.64i1.i1.i6, i6 0, i1 %survivor_load, i6 1, i1 %survivor_1_load, i6 2, i1 %survivor_2_load, i6 3, i1 %survivor_3_load, i6 4, i1 %survivor_4_load, i6 5, i1 %survivor_5_load, i6 6, i1 %survivor_6_load, i6 7, i1 %survivor_7_load, i6 8, i1 %survivor_8_load, i6 9, i1 %survivor_9_load, i6 10, i1 %survivor_10_load, i6 11, i1 %survivor_11_load, i6 12, i1 %survivor_12_load, i6 13, i1 %survivor_13_load, i6 14, i1 %survivor_14_load, i6 15, i1 %survivor_15_load, i6 16, i1 %survivor_16_load, i6 17, i1 %survivor_17_load, i6 18, i1 %survivor_18_load, i6 19, i1 %survivor_19_load, i6 20, i1 %survivor_20_load, i6 21, i1 %survivor_21_load, i6 22, i1 %survivor_22_load, i6 23, i1 %survivor_23_load, i6 24, i1 %survivor_24_load, i6 25, i1 %survivor_25_load, i6 26, i1 %survivor_26_load, i6 27, i1 %survivor_27_load, i6 28, i1 %survivor_28_load, i6 29, i1 %survivor_29_load, i6 30, i1 %survivor_30_load, i6 31, i1 %survivor_31_load, i6 32, i1 %survivor_32_load, i6 33, i1 %survivor_33_load, i6 34, i1 %survivor_34_load, i6 35, i1 %survivor_35_load, i6 36, i1 %survivor_36_load, i6 37, i1 %survivor_37_load, i6 38, i1 %survivor_38_load, i6 39, i1 %survivor_39_load, i6 40, i1 %survivor_40_load, i6 41, i1 %survivor_41_load, i6 42, i1 %survivor_42_load, i6 43, i1 %survivor_43_load, i6 44, i1 %survivor_44_load, i6 45, i1 %survivor_45_load, i6 46, i1 %survivor_46_load, i6 47, i1 %survivor_47_load, i6 48, i1 %survivor_48_load, i6 49, i1 %survivor_49_load, i6 50, i1 %survivor_50_load, i6 51, i1 %survivor_51_load, i6 52, i1 %survivor_52_load, i6 53, i1 %survivor_53_load, i6 54, i1 %survivor_54_load, i6 55, i1 %survivor_55_load, i6 56, i1 %survivor_56_load, i6 57, i1 %survivor_57_load, i6 58, i1 %survivor_58_load, i6 59, i1 %survivor_59_load, i6 60, i1 %survivor_60_load, i6 61, i1 %survivor_61_load, i6 62, i1 %survivor_62_load, i6 63, i1 %survivor_63_load, i1 0, i6 %cur_state_load_1" [D:/Internship/GMSK/vit_reg_exg/src/viterbi_decoder.cpp:312]   --->   Operation 265 'sparsemux' 'surv' <Predicate = true> <Delay = 0.85> <CoreInst = "BinarySparseMux_DontCare">   --->   Core 149 'BinarySparseMux_DontCare' <Latency = 0> <II = 1> <Delay = 0.85> <FuncUnit> <Opcode : 'sparsemux'> <InPorts = 2> <OutPorts = 1>
ST_2 : Operation 266 [1/1] (0.00ns)   --->   "%cur_lo5 = trunc i6 %cur_state_load_1" [D:/Internship/GMSK/vit_reg_exg/src/viterbi_decoder.cpp:317]   --->   Operation 266 'trunc' 'cur_lo5' <Predicate = true> <Delay = 0.00>
ST_2 : Operation 267 [1/1] (0.00ns)   --->   "%cur_state_1 = bitconcatenate i6 @_ssdm_op_BitConcatenate.i6.i5.i1, i5 %cur_lo5, i1 %surv" [D:/Internship/GMSK/vit_reg_exg/src/viterbi_decoder.cpp:318]   --->   Operation 267 'bitconcatenate' 'cur_state_1' <Predicate = true> <Delay = 0.00>
ST_2 : Operation 268 [1/1] (0.42ns)   --->   "%store_ln299 = store i6 %cur_state_1, i6 %cur_state" [D:/Internship/GMSK/vit_reg_exg/src/viterbi_decoder.cpp:299]   --->   Operation 268 'store' 'store_ln299' <Predicate = true> <Delay = 0.42>
ST_2 : Operation 269 [1/1] (0.00ns)   --->   "%br_ln302 = br void %for.inc126" [D:/Internship/GMSK/vit_reg_exg/src/viterbi_decoder.cpp:302]   --->   Operation 269 'br' 'br_ln302' <Predicate = true> <Delay = 0.00>


============================================================
+ Verbose Summary: Timing violations
============================================================
Target clock period: 10.000ns, clock uncertainty: 2.700ns.

 <State 1>: 1.643ns
The critical path consists of the following:
	'store' operation ('store_ln302', D:/Internship/GMSK/vit_reg_exg/src/viterbi_decoder.cpp:302) of constant 15 5 bit on local variable 't', D:/Internship/GMSK/vit_reg_exg/src/viterbi_decoder.cpp:302 [101]  (0.427 ns)
	'load' operation 5 bit ('t', D:/Internship/GMSK/vit_reg_exg/src/viterbi_decoder.cpp:302) on local variable 't', D:/Internship/GMSK/vit_reg_exg/src/viterbi_decoder.cpp:302 [105]  (0.000 ns)
	'add' operation 5 bit ('add_ln302', D:/Internship/GMSK/vit_reg_exg/src/viterbi_decoder.cpp:302) [298]  (0.789 ns)
	'store' operation ('store_ln302', D:/Internship/GMSK/vit_reg_exg/src/viterbi_decoder.cpp:302) of variable 'add_ln302', D:/Internship/GMSK/vit_reg_exg/src/viterbi_decoder.cpp:302 5 bit on local variable 't', D:/Internship/GMSK/vit_reg_exg/src/viterbi_decoder.cpp:302 [299]  (0.427 ns)

 <State 2>: 1.958ns
The critical path consists of the following:
	'load' operation 1 bit ('survivor_load', D:/Internship/GMSK/vit_reg_exg/src/viterbi_decoder.cpp:312) on array 'survivor' [231]  (0.677 ns)
	'sparsemux' operation 1 bit ('surv', D:/Internship/GMSK/vit_reg_exg/src/viterbi_decoder.cpp:312) [295]  (0.854 ns)
	'store' operation ('store_ln299', D:/Internship/GMSK/vit_reg_exg/src/viterbi_decoder.cpp:299) of variable 'cur_state', D:/Internship/GMSK/vit_reg_exg/src/viterbi_decoder.cpp:318 6 bit on local variable 'cur_state', D:/Internship/GMSK/vit_reg_exg/src/viterbi_decoder.cpp:299 [300]  (0.427 ns)


============================================================
+ Verbose Summary: Binding
============================================================
N/A
* FSMD analyzer results:
  - Output states:
 - Input state : 
  - Chain level:
	State 1
	State 2


============================================================
+ Verbose Summary: Datapath Resource usage 
============================================================
N/A
