INFO: [SIM 2] *************** CSIM start ***************
   Compiling ../../../../../../../Internship/GMSK/vit_reg_exg/tb/viterbi_decoder_tb.cpp in debug mode
   Compiling ../../../../../../../Internship/GMSK/vit_reg_exg/src/viterbi_decoder.cpp in debug mode
   Compiling ../../../../../../../Internship/GMSK/vit_reg_exg/src/bmu.cpp in debug mode
   Generating csim.exe
+========================================================+
|     VITERBI DECODER TESTBENCH  --  Vitis HLS           |
|  Rate 1/2  |  K=7  |  g0=171oct  |  g1=133oct         |
|  Block:  16 symbols  |  Test: 10000 bits               |
+========================================================+

[GEN] Generating 10000 random information bits (seed=42)...
[ENC] Running reference convolutional encoder (per-block, init_state=0)...
[ENC] Done: 10000 bits -> 20000 encoded bits (625 blocks of 16)
[FILE] Written: ./input_bits.txt       (10000 bits)
[FILE] Written: ./encoded_bits.txt     (20000 bits)
[FILE] Written: ./reference_bits.txt   (10000 bits)

[DEC] Starting decoder: 625 blocks x 16 symbols/block...
[DEC]    100 / 625 blocks complete
[DEC]    200 / 625 blocks complete
[DEC]    300 / 625 blocks complete
[DEC]    400 / 625 blocks complete
[DEC]    500 / 625 blocks complete
[DEC]    600 / 625 blocks complete
[DEC]    625 / 625 blocks complete
[FILE] Written: ./decoded_bits.txt     (10000 bits from 625 blocks)


+=======================================================+
|        VITERBI DECODER  --  BER REPORT               |
|=======================================================|
| Decoder config                                        |
|   Rate            : 1/2                               |
|   Constraint K    : 7                                 |
|   g0 / g1         : 171 / 133  (octal)               |
|   Block size      : 16 symbols  (16 decoded bits)    |
|   Blocks tested   : 625                             |
|=======================================================|
| OVERALL RESULTS                                       |
|   Total bits tested : 10000                           |
|   Correct bits      : 10000                           |
|   Errors            : 0                               |
|   Bit Error Rate    : 0.000000                      |
|   Accuracy          : 100.00%                       |
|=======================================================|
| CORE BITS  (positions 0-9 per block)                 |
|   Bits tested  : 6250                                 |
|   Errors       : 0                                    |
|   BER          : 0.000000                           |
|=======================================================|
| TAIL BITS  (positions 10-15 per block)                |
|   Bits tested  : 3750                                 |
|   Errors       : 0                                    |
|   BER          : 0.000000                           |
|=======================================================|
| FIRST BAD BLOCKS (max 5)                             |
|   No block errors -- perfect decode!                |
+=======================================================+

INFO [HLS SIM]: The maximum depth reached by any hls::stream() instance in the design is 1
INFO: [SIM 1] CSim done with 0 errors.
INFO: [SIM 3] *************** CSIM finish ***************
