+========================================================+
|     VITERBI DECODER TESTBENCH  --  Vitis HLS           |
|  Rate 1/2  |  K=7  |  g0=171oct  |  g1=133oct         |
|  Block:  16 symbols  |  Test: 10000 bits               |
+========================================================+

[GEN] Generating 10000 random information bits (seed=42)...
[ENC] Running reference convolutional encoder (per-block, init_state=0)...
[ENC] Done: 10000 bits -> 20000 encoded bits (625 blocks of 16)
[FILE] Written: ./input_bits.txt       (10000 bits)
[FILE] Written: ./encoded_bits.txt     (20000 bits)
[FILE] Written: ./reference_bits.txt   (10000 bits)

[DEC] Starting decoder: 625 blocks x 16 symbols/block...
[DEC]    100 / 625 blocks complete
[DEC]    200 / 625 blocks complete
[DEC]    300 / 625 blocks complete
[DEC]    400 / 625 blocks complete
[DEC]    500 / 625 blocks complete
[DEC]    600 / 625 blocks complete
[DEC]    625 / 625 blocks complete
[FILE] Written: ./decoded_bits.txt     (10000 bits from 625 blocks)


+=======================================================+
|        VITERBI DECODER  --  BER REPORT               |
|=======================================================|
| Decoder config                                        |
|   Rate            : 1/2                               |
|   Constraint K    : 7                                 |
|   g0 / g1         : 171 / 133  (octal)               |
|   Block size      : 16 symbols  (16 decoded bits)    |
|   Blocks tested   : 625                             |
|=======================================================|
| OVERALL RESULTS                                       |
|   Total bits tested : 10000                           |
|   Correct bits      : 10000                           |
|   Errors            : 0                               |
|   Bit Error Rate    : 0.000000                      |
|   Accuracy          : 100.00%                       |
|=======================================================|
| CORE BITS  (positions 0-9 per block)                 |
|   Bits tested  : 6250                                 |
|   Errors       : 0                                    |
|   BER          : 0.000000                           |
|=======================================================|
| TAIL BITS  (positions 10-15 per block)                |
|   Bits tested  : 3750                                 |
|   Errors       : 0                                    |
|   BER          : 0.000000                           |
|=======================================================|
| FIRST BAD BLOCKS (max 5)                             |
|   No block errors -- perfect decode!                |
+=======================================================+

INFO [HLS SIM]: The maximum depth reached by any hls::stream() instance in the design is 1

D:\Vitis_HLS\viterbi\vit\vit\hls\sim\verilog>set PATH= 

D:\Vitis_HLS\viterbi\vit\vit\hls\sim\verilog>call D:/Xilinx/2025.2/Vivado/bin/xelab xil_defaultlib.apatb_viterbi_decoder_top xil_defaultlib.glbl -Oenable_linking_all_libraries -prj viterbi_decoder.prj -L smartconnect_v1_0 -L axi_protocol_checker_v1_1_12 -L axi_protocol_checker_v1_1_13 -L axis_protocol_checker_v1_1_11 -L axis_protocol_checker_v1_1_12 -L xil_defaultlib -L unisims_ver -L xpm  -L floating_point_v7_1_21 -L floating_point_v7_0_26 --lib "ieee_proposed=./ieee_proposed" -L uvm -relax -i ./svr -i ./axivip -i ./svtb -i ./file_agent -i ./viterbi_decoder_subsystem  -s viterbi_decoder  
Vivado Simulator v2025.2
Copyright 1986-2022 Xilinx, Inc. All Rights Reserved.
Copyright 2022-2025 Advanced Micro Devices, Inc. All Rights Reserved.
Running: D:/Xilinx/2025.2/Vivado/bin/unwrapped/win64.o/xelab.exe xil_defaultlib.apatb_viterbi_decoder_top xil_defaultlib.glbl -Oenable_linking_all_libraries -prj viterbi_decoder.prj -L smartconnect_v1_0 -L axi_protocol_checker_v1_1_12 -L axi_protocol_checker_v1_1_13 -L axis_protocol_checker_v1_1_11 -L axis_protocol_checker_v1_1_12 -L xil_defaultlib -L unisims_ver -L xpm -L floating_point_v7_1_21 -L floating_point_v7_0_26 --lib ieee_proposed=./ieee_proposed -L uvm -relax -i ./svr -i ./axivip -i ./svtb -i ./file_agent -i ./viterbi_decoder_subsystem -s viterbi_decoder 
Multi-threading is on. Using 6 slave threads.
INFO: [VRFC 10-2263] Analyzing SystemVerilog file "D:/Vitis_HLS/viterbi/vit/vit/hls/sim/verilog/glbl.v" into library xil_defaultlib
INFO: [VRFC 10-311] analyzing module glbl
INFO: [VRFC 10-2263] Analyzing SystemVerilog file "D:/Vitis_HLS/viterbi/vit/vit/hls/sim/verilog/AESL_deadlock_idx0_monitor.v" into library xil_defaultlib
INFO: [VRFC 10-311] analyzing module AESL_deadlock_idx0_monitor
INFO: [VRFC 10-2263] Analyzing SystemVerilog file "D:/Vitis_HLS/viterbi/vit/vit/hls/sim/verilog/AESL_deadlock_kernel_monitor_top.v" into library xil_defaultlib
INFO: [VRFC 10-311] analyzing module AESL_deadlock_kernel_monitor_top
INFO: [VRFC 10-2263] Analyzing SystemVerilog file "D:/Vitis_HLS/viterbi/vit/vit/hls/sim/verilog/viterbi_decoder.autotb.v" into library xil_defaultlib
INFO: [VRFC 10-311] analyzing module apatb_viterbi_decoder_top
INFO: [VRFC 10-2263] Analyzing SystemVerilog file "D:/Vitis_HLS/viterbi/vit/vit/hls/sim/verilog/viterbi_decoder.v" into library xil_defaultlib
INFO: [VRFC 10-311] analyzing module viterbi_decoder
INFO: [VRFC 10-2263] Analyzing SystemVerilog file "D:/Vitis_HLS/viterbi/vit/vit/hls/sim/verilog/viterbi_decoder_flow_control_loop_pipe_sequential_init.v" into library xil_defaultlib
INFO: [VRFC 10-311] analyzing module viterbi_decoder_flow_control_loop_pipe_sequential_init
INFO: [VRFC 10-2263] Analyzing SystemVerilog file "D:/Vitis_HLS/viterbi/vit/vit/hls/sim/verilog/viterbi_decoder_regslice_both.v" into library xil_defaultlib
INFO: [VRFC 10-311] analyzing module viterbi_decoder_regslice_both
INFO: [VRFC 10-2263] Analyzing SystemVerilog file "D:/Vitis_HLS/viterbi/vit/vit/hls/sim/verilog/viterbi_decoder_sparsemux_129_6_1_1_1.v" into library xil_defaultlib
INFO: [VRFC 10-311] analyzing module viterbi_decoder_sparsemux_129_6_1_1_1
INFO: [VRFC 10-2263] Analyzing SystemVerilog file "D:/Vitis_HLS/viterbi/vit/vit/hls/sim/verilog/viterbi_decoder_sparsemux_33_4_2_1_1.v" into library xil_defaultlib
INFO: [VRFC 10-311] analyzing module viterbi_decoder_sparsemux_33_4_2_1_1
INFO: [VRFC 10-2263] Analyzing SystemVerilog file "D:/Vitis_HLS/viterbi/vit/vit/hls/sim/verilog/viterbi_decoder_survivor_RAM_AUTO_1R1W.v" into library xil_defaultlib
INFO: [VRFC 10-311] analyzing module viterbi_decoder_survivor_RAM_AUTO_1R1W
INFO: [VRFC 10-2263] Analyzing SystemVerilog file "D:/Vitis_HLS/viterbi/vit/vit/hls/sim/verilog/viterbi_decoder_viterbi_decoder_Pipeline_TRACEBACK.v" into library xil_defaultlib
INFO: [VRFC 10-311] analyzing module viterbi_decoder_viterbi_decoder_Pipeline_TRACEBACK
INFO: [VRFC 10-2263] Analyzing SystemVerilog file "D:/Vitis_HLS/viterbi/vit/vit/hls/sim/verilog/viterbi_decoder_viterbi_decoder_Pipeline_TRELLIS.v" into library xil_defaultlib
INFO: [VRFC 10-311] analyzing module viterbi_decoder_viterbi_decoder_Pipeline_TRELLIS
INFO: [VRFC 10-2263] Analyzing SystemVerilog file "D:/Vitis_HLS/viterbi/vit/vit/hls/sim/verilog/dataflow_monitor.sv" into library xil_defaultlib
INFO: [VRFC 10-311] analyzing module dataflow_monitor
INFO: [VRFC 10-2263] Analyzing SystemVerilog file "D:/Vitis_HLS/viterbi/vit/vit/hls/sim/verilog/file_agent/file_agent_pkg.sv" into library xil_defaultlib
INFO: [VRFC 10-2263] Analyzing SystemVerilog file "D:/Vitis_HLS/viterbi/vit/vit/hls/sim/verilog/svr/svr_pkg.sv" into library xil_defaultlib
INFO: [VRFC 10-2263] Analyzing SystemVerilog file "D:/Vitis_HLS/viterbi/vit/vit/hls/sim/verilog/svr/svr_if.sv" into library xil_defaultlib
INFO: [VRFC 10-2263] Analyzing SystemVerilog file "D:/Vitis_HLS/viterbi/vit/vit/hls/sim/verilog/viterbi_decoder_subsystem/viterbi_decoder_subsystem_pkg.sv" into library xil_defaultlib
INFO: [VRFC 10-2263] Analyzing SystemVerilog file "D:/Vitis_HLS/viterbi/vit/vit/hls/sim/verilog/svtb/misc_interface.sv" into library xil_defaultlib
INFO: [VRFC 10-2263] Analyzing SystemVerilog file "D:/Vitis_HLS/viterbi/vit/vit/hls/sim/verilog/svtb/sv_module_top.sv" into library xil_defaultlib
INFO: [VRFC 10-311] analyzing module sv_module_top
Starting static elaboration
Pass Through NonSizing Optimizer
Completed static elaboration
Starting simulation data flow analysis
WARNING: [XSIM 43-4099] "/proj/primebuilds/9999.0_PRIME_0428_0031/installs/data/system_verilog/uvm_1.2/xlnx_uvm_package.sv" Line 4356. Module uvm_pkg doesn't have a timescale but at least one module in design has a timescale.
Completed simulation data flow analysis
Time Resolution for simulation is 1ps
Compiling package xil_defaultlib.$unit_sv_module_top_sv
Compiling package uvm.uvm_pkg
Compiling package std.std
Compiling package xil_defaultlib.svr_pkg
Compiling package xil_defaultlib.file_agent_pkg
Compiling package xil_defaultlib.viterbi_decoder_subsystem_pkg
Compiling package xil_defaultlib.$unit_dataflow_monitor_sv
Compiling module xil_defaultlib.viterbi_decoder_survivor_RAM_AUT...
Compiling module xil_defaultlib.viterbi_decoder_sparsemux_33_4_2...
Compiling module xil_defaultlib.viterbi_decoder_flow_control_loo...
Compiling module xil_defaultlib.viterbi_decoder_viterbi_decoder_...
Compiling module xil_defaultlib.viterbi_decoder_sparsemux_129_6_...
Compiling module xil_defaultlib.viterbi_decoder_viterbi_decoder_...
Compiling module xil_defaultlib.viterbi_decoder_regslice_both(Da...
Compiling module xil_defaultlib.viterbi_decoder
Compiling module xil_defaultlib.misc_interface_default
Compiling module xil_defaultlib.svr_if_default
Compiling module xil_defaultlib.sv_module_top
Compiling module xil_defaultlib.AESL_deadlock_idx0_monitor
Compiling module xil_defaultlib.AESL_deadlock_kernel_monitor_top...
Compiling module xil_defaultlib.nodf_module_intf_default
Compiling module xil_defaultlib.upc_loop_intf(FSM_WIDTH=1)
Compiling module xil_defaultlib.dataflow_monitor_1
Compiling module xil_defaultlib.apatb_viterbi_decoder_top
Compiling module xil_defaultlib.glbl
Built simulation snapshot viterbi_decoder

****** xsim v (64-bit)
  **** SW Build 6299465 on Fri Nov 14 19:35:11 GMT 2025
  **** IP Build 6300035 on Fri Nov 14 10:48:45 MST 2025
  **** SharedData Build 6298862 on Thu Nov 13 04:50:51 MST 2025
  **** Start of session at: Fri Mar 13 13:56:13 2026
    ** Copyright 1986-2022 Xilinx, Inc. All Rights Reserved.
    ** Copyright 2022-2025 Advanced Micro Devices, Inc. All Rights Reserved.

source xsim.dir/viterbi_decoder/xsim_script.tcl
# xsim {viterbi_decoder} -testplusarg UVM_VERBOSITY=UVM_NONE -testplusarg UVM_TESTNAME=viterbi_decoder_test_lib -testplusarg UVM_TIMEOUT=20000000000000 -autoloadwcfg -tclbatch {viterbi_decoder.tcl}
Time resolution is 1 ps
source viterbi_decoder.tcl
## run all
UVM_INFO D:/Xilinx/2025.2/Vivado/data/system_verilog/uvm_1.2/xlnx_uvm_package.sv(18601) @ 0: reporter [UVM/RELNOTES] 
----------------------------------------------------------------
UVM-1.2
(C) 2007-2014 Mentor Graphics Corporation
(C) 2007-2014 Cadence Design Systems, Inc.
(C) 2006-2014 Synopsys, Inc.
(C) 2011-2013 Cypress Semiconductor Corp.
(C) 2013-2014 NVIDIA Corporation
----------------------------------------------------------------

  ***********       IMPORTANT RELEASE NOTES         ************

  You are using a version of the UVM library that has been compiled
  with `UVM_NO_DEPRECATED undefined.

  You are using a version of the UVM library that has been compiled
  with `UVM_OBJECT_DO_NOT_NEED_CONSTRUCTOR undefined.

      (Specify +UVM_NO_RELNOTES to turn off this notice)

UVM_INFO D:/Xilinx/2025.2/Vivado/data/system_verilog/uvm_1.2/xlnx_uvm_package.sv(18648) @ 0: reporter [NO_DPI_TSTNAME] UVM_NO_DPI defined--getting UVM_TESTNAME directly, without DPI
UVM_INFO D:/Xilinx/2025.2/Vivado/data/system_verilog/uvm_1.2/xlnx_uvm_package.sv(18752) @ 0: reporter [UVMTOP] UVM testbench topology:
-----------------------------------------------------------------------------------------------------------------------
Name                                                      Type                                    Size  Value          
-----------------------------------------------------------------------------------------------------------------------
uvm_test_top                                              viterbi_decoder_test_lib                -     @349           
  top_env                                                 viterbi_decoder_env                     -     @360           
    env_master_svr_encoded_in                             uvm_env                                 -     @379           
      m_agt                                               uvm_agent                               -     @582           
        drv                                               uvm_driver #(REQ,RSP)                   -     @730           
          rsp_port                                        uvm_analysis_port                       -     @749           
          seq_item_port                                   uvm_seq_item_pull_port                  -     @739           
        mon                                               uvm_monitor                             -     @759           
          item_collect_port                               uvm_analysis_port                       -     @770           
        sqr                                               uvm_sequencer                           -     @593           
          rsp_export                                      uvm_analysis_export                     -     @602           
          seq_item_export                                 uvm_seq_item_pull_imp                   -     @720           
          arbitration_queue                               array                                   0     -              
          lock_queue                                      array                                   0     -              
          num_last_reqs                                   integral                                32    'd1            
          num_last_rsps                                   integral                                32    'd1            
    env_slave_svr_decoded_out                             uvm_env                                 -     @392           
      s_agt                                               uvm_agent                               -     @788           
        drv                                               uvm_driver #(REQ,RSP)                   -     @936           
          rsp_port                                        uvm_analysis_port                       -     @955           
          seq_item_port                                   uvm_seq_item_pull_port                  -     @945           
        mon                                               uvm_monitor                             -     @965           
          item_collect_port                               uvm_analysis_port                       -     @976           
        sqr                                               uvm_sequencer                           -     @799           
          rsp_export                                      uvm_analysis_export                     -     @808           
          seq_item_export                                 uvm_seq_item_pull_imp                   -     @926           
          arbitration_queue                               array                                   0     -              
          lock_queue                                      array                                   0     -              
          num_last_reqs                                   integral                                32    'd1            
          num_last_rsps                                   integral                                32    'd1            
    refm                                                  viterbi_decoder_reference_model         -     @402           
      trans_num_idx                                       integral                                32    'h0            
    subsys_mon                                            viterbi_decoder_subsystem_monitor       -     @415           
      scbd                                                viterbi_decoder_scoreboard              -     @998           
        refm                                              viterbi_decoder_reference_model         -     @402           
          trans_num_idx                                   integral                                32    'h0            
        file_rd_TVOUT_transaction_size                    <unknown>                               -     @1008          
          TV_FILE                                         string                                  0     ""             
          fp                                              integral                                32    'hxxxxxxxx     
          TV_FILE_num                                     integral                                32    'h0            
          HEX_read                                        integral                                32    'h0            
          DEC_read                                        integral                                32    'h0            
          is_binary                                       integral                                32    'h0            
          TV_FILE_COMPARE                                 string                                  0     ""             
          fp_compare                                      integral                                32    'hxxxxxxxx     
        TVOUT_transaction_size_queue                      da(integral)                            0     -              
        file_wr_port_decoded_out_decoded_out_TDATA        <unknown>                               -     @1009          
          TV_FILE                                         string                                  0     ""             
          fp                                              integral                                32    'hxxxxxxxx     
          file_open                                       integral                                32    'h0            
          write_file_done                                 integral                                32    'h0            
          write_section_done                              integral                                32    'h0            
          TRANSACTION_NUM                                 integral                                32    'h0            
          transaction_num_idx                             integral                                32    'h0            
          TRANSACTION_DEPTH                               integral                                32    'h0            
          TRANSACTION_DEPTH_queue                         da(integral)                            0     -              
          TRANSACTION_DEPTH_queue_for_depth_check         da(integral)                            0     -              
          transaction_depth_idx                           integral                                32    'h0            
          ap_done_num_idx                                 integral                                32    'h0            
          is_binary                                       integral                                32    'h0            
        write_file_done_decoded_out_decoded_out_TDATA     integral                                32    'h0            
        write_section_done_decoded_out_decoded_out_TDATA  integral                                32    'h0            
      svr_master_encoded_in_imp                           uvm_analysis_imp_svr_master_encoded_in  -     @424           
      svr_slave_decoded_out_imp                           uvm_analysis_imp_svr_slave_decoded_out  -     @434           
    viterbi_decoder_virtual_sqr                           viterbi_decoder_virtual_sequencer       -     @444           
      rsp_export                                          uvm_analysis_export                     -     @453           
      seq_item_export                                     uvm_seq_item_pull_imp                   -     @571           
      arbitration_queue                                   array                                   0     -              
      lock_queue                                          array                                   0     -              
      num_last_reqs                                       integral                                32    'd1            
      num_last_rsps                                       integral                                32    'd1            
    env_master_svr_encoded_in                             uvm_env                                 -     @379           
    env_slave_svr_decoded_out                             uvm_env                                 -     @392           
    refm                                                  viterbi_decoder_reference_model         -     @402           
    viterbi_decoder_virtual_sqr                           viterbi_decoder_virtual_sequencer       -     @444           
    viterbi_decoder_cfg                                   viterbi_decoder_config                  -     @374           
      port_encoded_in_cfg                                 svr_config                              -     @375           
        svr_type                                          svr_inst_type                           32    SVR_MASTER     
        prt_type                                          svr_protocol_type                       32    AXIS           
        is_active                                         svr_active_passive_enum                 1     SVR_ACTIVE     
        reset_level                                       svr_reset_level_enum                    1     RESET_LEVEL_LOW
        spec_cfg                                          svr_spec_cfg_enum                       32    NORMAL         
        clatency                                          svr_latency                             -     @376           
          transfer_latency                                integral                                32    'h0            
      port_decoded_out_cfg                                svr_config                              -     @377           
        svr_type                                          svr_inst_type                           32    SVR_SLAVE      
        prt_type                                          svr_protocol_type                       32    AXIS           
        is_active                                         svr_active_passive_enum                 1     SVR_ACTIVE     
        reset_level                                       svr_reset_level_enum                    1     RESET_LEVEL_LOW
        spec_cfg                                          svr_spec_cfg_enum                       32    NORMAL         
        clatency                                          svr_latency                             -     @378           
          transfer_latency                                integral                                32    'h0            
      check_ena                                           integral                                32    'h0            
      cover_ena                                           integral                                32    'h0            
-----------------------------------------------------------------------------------------------------------------------

UVM_INFO D:/Xilinx/2025.2/Vivado/data/system_verilog/uvm_1.2/xlnx_uvm_package.sv(20867) @ 0: reporter [UVM/COMP/NAMECHECK] This implementation of the component name checks requires DPI to be enabled
////////////////////////////////////////////////////////////////////////////////////
// Inter-Transaction Progress: Completed Transaction / Total Transaction
// Intra-Transaction Progress: Measured Latency / Latency Estimation * 100%
//
// RTL Simulation : "Inter-Transaction Progress" ["Intra-Transaction Progress"] @ "Simulation Time"
////////////////////////////////////////////////////////////////////////////////////
// RTL Simulation : 0 / 625 [0.00%] @ "125000"
// RTL Simulation : 625 / 625 [100.00%] @ "306405000"
////////////////////////////////////////////////////////////////////////////////////
$finish called at time : 306465 ns : File "D:/Xilinx/2025.2/Vivado/data/system_verilog/uvm_1.2/xlnx_uvm_package.sv" Line 18699
## quit
INFO: [Common 17-206] Exiting xsim at Fri Mar 13 13:56:23 2026...
+========================================================+
|     VITERBI DECODER TESTBENCH  --  Vitis HLS           |
|  Rate 1/2  |  K=7  |  g0=171oct  |  g1=133oct         |
|  Block:  16 symbols  |  Test: 10000 bits               |
+========================================================+

[GEN] Generating 10000 random information bits (seed=42)...
[ENC] Running reference convolutional encoder (per-block, init_state=0)...
[ENC] Done: 10000 bits -> 20000 encoded bits (625 blocks of 16)
[FILE] Written: ./input_bits.txt       (10000 bits)
[FILE] Written: ./encoded_bits.txt     (20000 bits)
[FILE] Written: ./reference_bits.txt   (10000 bits)

[DEC] Starting decoder: 625 blocks x 16 symbols/block...
[DEC]    100 / 625 blocks complete
[DEC]    200 / 625 blocks complete
[DEC]    300 / 625 blocks complete
[DEC]    400 / 625 blocks complete
[DEC]    500 / 625 blocks complete
[DEC]    600 / 625 blocks complete
[DEC]    625 / 625 blocks complete
[FILE] Written: ./decoded_bits.txt     (10000 bits from 625 blocks)


+=======================================================+
|        VITERBI DECODER  --  BER REPORT               |
|=======================================================|
| Decoder config                                        |
|   Rate            : 1/2                               |
|   Constraint K    : 7                                 |
|   g0 / g1         : 171 / 133  (octal)               |
|   Block size      : 16 symbols  (16 decoded bits)    |
|   Blocks tested   : 625                             |
|=======================================================|
| OVERALL RESULTS                                       |
|   Total bits tested : 10000                           |
|   Correct bits      : 10000                           |
|   Errors            : 0                               |
|   Bit Error Rate    : 0.000000                      |
|   Accuracy          : 100.00%                       |
|=======================================================|
| CORE BITS  (positions 0-9 per block)                 |
|   Bits tested  : 6250                                 |
|   Errors       : 0                                    |
|   BER          : 0.000000                           |
|=======================================================|
| TAIL BITS  (positions 10-15 per block)                |
|   Bits tested  : 3750                                 |
|   Errors       : 0                                    |
|   BER          : 0.000000                           |
|=======================================================|
| FIRST BAD BLOCKS (max 5)                             |
|   No block errors -- perfect decode!                |
+=======================================================+

INFO [HLS SIM]: The maximum depth reached by any hls::stream() instance in the design is 1
